--- Copying files at Thu Feb 20 19:23:59 UTC 2020
--- Copying files at Thu Feb 20 19:30:12 UTC 2020
--- Copying files at Mon Feb 24 16:30:23 UTC 2020
--- Copying files at Mon Feb 24 21:54:18 UTC 2020
--- Copying files at Mon Feb 24 22:10:38 UTC 2020
--- Copying files at Mon Feb 24 23:27:55 UTC 2020
--- Copying files at Tue Feb 25 20:41:55 UTC 2020
--- Copying files at Tue Feb 25 20:42:15 UTC 2020
--- Copying files at Tue Feb 25 20:45:07 UTC 2020
--- Copying files at Tue Feb 25 21:31:14 UTC 2020
--- Copying files at Wed Feb 26 16:45:19 UTC 2020
--- Copying files at Wed Feb 26 21:07:13 UTC 2020
--- Copying files at Fri Feb 28 15:16:41 UTC 2020
--- Copying files at Fri Feb 28 18:13:47 UTC 2020
--- Copying files at Fri Feb 28 19:07:16 UTC 2020
--- Copying files at Fri Feb 28 19:41:02 UTC 2020
--- Copying files at Fri Feb 28 19:44:52 UTC 2020
--- Copying files at Fri Feb 28 19:53:06 UTC 2020
--- Copying files at Fri Feb 28 20:34:18 UTC 2020
--- Copying files at Mon Mar  2 16:12:46 UTC 2020
--- Copying files at Tue Mar  3 16:57:47 UTC 2020
--- Copying files at Tue Mar  3 21:57:39 UTC 2020
