Started at Thu Mar 05 18:20:58 UTC 2020
Processing ansible-job
Offering ansible-job to Project Build Discarder
Processing AWS-Job
Offering AWS-Job to Project Build Discarder
Processing dsl-job
Offering dsl-job to Project Build Discarder
Processing job_dsl_example
Offering job_dsl_example to Project Build Discarder
Processing maven-job
Offering maven-job to Project Build Discarder
Processing playbook-users
Offering playbook-users to Project Build Discarder
Processing remote-Task
Offering remote-Task to Project Build Discarder
Processing Test2Job
Offering Test2Job to Project Build Discarder
Processing TestJob
Offering TestJob to Project Build Discarder
Finished at Thu Mar 05 18:20:58 UTC 2020. 5ms
Started at Thu Mar 05 19:20:58 UTC 2020
Processing ansible-job
Offering ansible-job to Project Build Discarder
Processing AWS-Job
Offering AWS-Job to Project Build Discarder
Processing dsl-job
Offering dsl-job to Project Build Discarder
Processing job_dsl_example
Offering job_dsl_example to Project Build Discarder
Processing maven-job
Offering maven-job to Project Build Discarder
Processing playbook-users
Offering playbook-users to Project Build Discarder
Processing remote-Task
Offering remote-Task to Project Build Discarder
Processing Test2Job
Offering Test2Job to Project Build Discarder
Processing TestJob
Offering TestJob to Project Build Discarder
Finished at Thu Mar 05 19:20:58 UTC 2020. 2ms
Started at Thu Mar 05 20:20:58 UTC 2020
Processing ansible-job
Offering ansible-job to Project Build Discarder
Processing AWS-Job
Offering AWS-Job to Project Build Discarder
Processing dsl-job
Offering dsl-job to Project Build Discarder
Processing job_dsl_example
Offering job_dsl_example to Project Build Discarder
Processing maven-job
Offering maven-job to Project Build Discarder
Processing playbook-users
Offering playbook-users to Project Build Discarder
Processing remote-Task
Offering remote-Task to Project Build Discarder
Processing Test2Job
Offering Test2Job to Project Build Discarder
Processing TestJob
Offering TestJob to Project Build Discarder
Finished at Thu Mar 05 20:20:58 UTC 2020. 1ms
Started at Thu Mar 05 21:20:58 UTC 2020
Processing ansible-job
Offering ansible-job to Project Build Discarder
Processing AWS-Job
Offering AWS-Job to Project Build Discarder
Processing dsl-job
Offering dsl-job to Project Build Discarder
Processing job_dsl_example
Offering job_dsl_example to Project Build Discarder
Processing maven-job
Offering maven-job to Project Build Discarder
Processing playbook-users
Offering playbook-users to Project Build Discarder
Processing remote-Task
Offering remote-Task to Project Build Discarder
Processing Test2Job
Offering Test2Job to Project Build Discarder
Processing TestJob
Offering TestJob to Project Build Discarder
Finished at Thu Mar 05 21:20:58 UTC 2020. 1ms
