I, [2020-02-28T18:15:44.241Z #744]  INFO -- : Refreshing Gem list
I, [2020-02-28T18:30:46.009Z #744]  INFO -- : listening on addr=127.0.0.1:8080 fd=19
I, [2020-02-28T18:30:46.011Z #744]  INFO -- : listening on addr=/var/opt/gitlab/gitlab-rails/sockets/gitlab.socket fd=20
I, [2020-02-28T18:30:46.398Z #744]  INFO -- : master process ready
I, [2020-02-28T18:30:46.842Z #979]  INFO -- : worker=1 ready
I, [2020-02-28T18:30:46.874Z #978]  INFO -- : worker=0 ready
I, [2020-02-28T18:30:46.900Z #980]  INFO -- : worker=2 ready
D, [2020-02-28T18:34:31.443Z #744] DEBUG -- : waiting 31.0s after suspend/hibernation
D, [2020-02-28T18:35:28.740Z #744] DEBUG -- : waiting 31.0s after suspend/hibernation
D, [2020-02-28T18:36:50.537Z #744] DEBUG -- : waiting 31.0s after suspend/hibernation
D, [2020-02-28T18:45:18.289Z #744] DEBUG -- : waiting 31.0s after suspend/hibernation
D, [2020-02-28T18:45:58.946Z #744] DEBUG -- : waiting 31.0s after suspend/hibernation
E, [2020-02-28T18:49:40.798Z #744] ERROR -- : worker=1 PID:979 timeout (61s > 60s), killing
E, [2020-02-28T18:49:53.292Z #744] ERROR -- : reaped #<Process::Status: pid 979 SIGKILL (signal 9)> worker=1
I, [2020-02-28T18:50:05.993Z #1206]  INFO -- : worker=1 ready
D, [2020-02-28T18:53:39.587Z #744] DEBUG -- : waiting 31.0s after suspend/hibernation
D, [2020-02-28T18:58:32.541Z #744] DEBUG -- : waiting 31.0s after suspend/hibernation
D, [2020-02-28T19:01:05.401Z #744] DEBUG -- : waiting 31.0s after suspend/hibernation
D, [2020-02-28T19:05:08.153Z #744] DEBUG -- : waiting 31.0s after suspend/hibernation
I, [2020-02-28T19:07:41.857Z #364]  INFO -- : Refreshing Gem list
ActiveRecord::QueryCanceled: PG::QueryCanceled: ERROR:  canceling statement due to statement timeout

  /opt/gitlab/embedded/lib/ruby/gems/2.6.0/gems/activerecord-6.0.2/lib/active_record/connection_adapters/postgresql/database_statements.rb:65:in `exec'
  /opt/gitlab/embedded/lib/ruby/gems/2.6.0/gems/activerecord-6.0.2/lib/active_record/connection_adapters/postgresql/database_statements.rb:65:in `block (2 levels) in query'
  /opt/gitlab/embedded/lib/ruby/gems/2.6.0/gems/activesupport-6.0.2/lib/active_support/dependencies/interlock.rb:48:in `block in permit_concurrent_loads'
  /opt/gitlab/embedded/lib/ruby/gems/2.6.0/gems/activesupport-6.0.2/lib/active_support/concurrency/share_lock.rb:187:in `yield_shares'
  /opt/gitlab/embedded/lib/ruby/gems/2.6.0/gems/activesupport-6.0.2/lib/active_support/dependencies/interlock.rb:47:in `permit_concurrent_loads'
  /opt/gitlab/embedded/lib/ruby/gems/2.6.0/gems/activerecord-6.0.2/lib/active_record/connection_adapters/postgresql/database_statements.rb:64:in `block in query'
  /opt/gitlab/embedded/lib/ruby/gems/2.6.0/gems/activerecord-6.0.2/lib/active_record/connection_adapters/abstract_adapter.rb:718:in `block (2 levels) in log'
  /opt/gitlab/embedded/lib/ruby/2.6.0/monitor.rb:235:in `mon_synchronize'
  /opt/gitlab/embedded/lib/ruby/gems/2.6.0/gems/activerecord-6.0.2/lib/active_record/connection_adapters/abstract_adapter.rb:717:in `block in log'
  /opt/gitlab/embedded/lib/ruby/gems/2.6.0/gems/activesupport-6.0.2/lib/active_support/notifications/instrumenter.rb:24:in `instrument'
  /opt/gitlab/embedded/lib/ruby/gems/2.6.0/gems/activerecord-6.0.2/lib/active_record/connection_adapters/abstract_adapter.rb:708:in `log'
  /opt/gitlab/embedded/lib/ruby/gems/2.6.0/gems/activerecord-6.0.2/lib/active_record/connection_adapters/postgresql/database_statements.rb:63:in `query'
  /opt/gitlab/embedded/lib/ruby/gems/2.6.0/gems/activerecord-6.0.2/lib/active_record/connection_adapters/abstract/database_statements.rb:102:in `query_values'
  /opt/gitlab/embedded/lib/ruby/gems/2.6.0/gems/activerecord-6.0.2/lib/active_record/connection_adapters/postgresql/schema_statements.rb:356:in `primary_keys'
  /opt/gitlab/embedded/lib/ruby/gems/2.6.0/gems/activerecord-6.0.2/lib/active_record/connection_adapters/abstract/schema_statements.rb:147:in `primary_key'
  /opt/gitlab/embedded/lib/ruby/gems/2.6.0/gems/activerecord-6.0.2/lib/active_record/connection_adapters/schema_cache.rb:49:in `primary_keys'
  /opt/gitlab/embedded/lib/ruby/gems/2.6.0/gems/activerecord-6.0.2/lib/active_record/attribute_methods/primary_key.rb:93:in `get_primary_key'
  /opt/gitlab/embedded/lib/ruby/gems/2.6.0/gems/activerecord-6.0.2/lib/active_record/attribute_methods/primary_key.rb:80:in `reset_primary_key'
  /opt/gitlab/embedded/lib/ruby/gems/2.6.0/gems/activerecord-6.0.2/lib/active_record/attribute_methods/primary_key.rb:68:in `primary_key'
  /opt/gitlab/embedded/lib/ruby/gems/2.6.0/gems/activerecord-6.0.2/lib/active_record/attribute_methods/primary_key.rb:57:in `instance_method_already_implemented?'
  /opt/gitlab/embedded/lib/ruby/gems/2.6.0/gems/activemodel-6.0.2/lib/active_model/attribute_methods.rb:288:in `block in define_attribute_method'
  /opt/gitlab/embedded/lib/ruby/gems/2.6.0/gems/activemodel-6.0.2/lib/active_model/attribute_methods.rb:285:in `each'
  /opt/gitlab/embedded/lib/ruby/gems/2.6.0/gems/activemodel-6.0.2/lib/active_model/attribute_methods.rb:285:in `define_attribute_method'
  /opt/gitlab/embedded/lib/ruby/gems/2.6.0/gems/activemodel-6.0.2/lib/active_model/attribute_methods.rb:252:in `block in define_attribute_methods'
  /opt/gitlab/embedded/lib/ruby/gems/2.6.0/gems/activemodel-6.0.2/lib/active_model/attribute_methods.rb:252:in `each'
  /opt/gitlab/embedded/lib/ruby/gems/2.6.0/gems/activemodel-6.0.2/lib/active_model/attribute_methods.rb:252:in `define_attribute_methods'
  /opt/gitlab/embedded/lib/ruby/gems/2.6.0/gems/activerecord-6.0.2/lib/active_record/attribute_methods.rb:55:in `block in define_attribute_methods'
  /opt/gitlab/embedded/lib/ruby/2.6.0/mutex_m.rb:78:in `synchronize'
  /opt/gitlab/embedded/lib/ruby/2.6.0/mutex_m.rb:78:in `mu_synchronize'
  /opt/gitlab/embedded/lib/ruby/gems/2.6.0/gems/activerecord-6.0.2/lib/active_record/attribute_methods.rb:52:in `define_attribute_methods'
  /opt/gitlab/embedded/lib/ruby/gems/2.6.0/gems/activerecord-6.0.2/lib/active_record/railtie.rb:160:in `block (4 levels) in <class:Railtie>'
  /opt/gitlab/embedded/lib/ruby/gems/2.6.0/gems/activerecord-6.0.2/lib/active_record/railtie.rb:151:in `each'
  /opt/gitlab/embedded/lib/ruby/gems/2.6.0/gems/activerecord-6.0.2/lib/active_record/railtie.rb:151:in `block (3 levels) in <class:Railtie>'
  /opt/gitlab/embedded/lib/ruby/gems/2.6.0/gems/activesupport-6.0.2/lib/active_support/lazy_load_hooks.rb:72:in `class_eval'
  /opt/gitlab/embedded/lib/ruby/gems/2.6.0/gems/activesupport-6.0.2/lib/active_support/lazy_load_hooks.rb:72:in `block in execute_hook'
  /opt/gitlab/embedded/lib/ruby/gems/2.6.0/gems/activesupport-6.0.2/lib/active_support/lazy_load_hooks.rb:62:in `with_execution_control'
  /opt/gitlab/embedded/lib/ruby/gems/2.6.0/gems/activesupport-6.0.2/lib/active_support/lazy_load_hooks.rb:67:in `execute_hook'
  /opt/gitlab/embedded/lib/ruby/gems/2.6.0/gems/activesupport-6.0.2/lib/active_support/lazy_load_hooks.rb:43:in `block in on_load'
  /opt/gitlab/embedded/lib/ruby/gems/2.6.0/gems/activesupport-6.0.2/lib/active_support/lazy_load_hooks.rb:42:in `each'
  /opt/gitlab/embedded/lib/ruby/gems/2.6.0/gems/activesupport-6.0.2/lib/active_support/lazy_load_hooks.rb:42:in `on_load'
  /opt/gitlab/embedded/lib/ruby/gems/2.6.0/gems/activerecord-6.0.2/lib/active_record/railtie.rb:149:in `block (2 levels) in <class:Railtie>'
  /opt/gitlab/embedded/lib/ruby/gems/2.6.0/gems/activesupport-6.0.2/lib/active_support/lazy_load_hooks.rb:69:in `block in execute_hook'
  /opt/gitlab/embedded/lib/ruby/gems/2.6.0/gems/activesupport-6.0.2/lib/active_support/lazy_load_hooks.rb:62:in `with_execution_control'
  /opt/gitlab/embedded/lib/ruby/gems/2.6.0/gems/activesupport-6.0.2/lib/active_support/lazy_load_hooks.rb:67:in `execute_hook'
  /opt/gitlab/embedded/lib/ruby/gems/2.6.0/gems/activesupport-6.0.2/lib/active_support/lazy_load_hooks.rb:52:in `block in run_load_hooks'
  /opt/gitlab/embedded/lib/ruby/gems/2.6.0/gems/activesupport-6.0.2/lib/active_support/lazy_load_hooks.rb:51:in `each'
  /opt/gitlab/embedded/lib/ruby/gems/2.6.0/gems/activesupport-6.0.2/lib/active_support/lazy_load_hooks.rb:51:in `run_load_hooks'
  /opt/gitlab/embedded/lib/ruby/gems/2.6.0/gems/railties-6.0.2/lib/rails/application/finisher.rb:129:in `block in <module:Finisher>'
  /opt/gitlab/embedded/lib/ruby/gems/2.6.0/gems/railties-6.0.2/lib/rails/initializable.rb:32:in `instance_exec'
  /opt/gitlab/embedded/lib/ruby/gems/2.6.0/gems/railties-6.0.2/lib/rails/initializable.rb:32:in `run'
  /opt/gitlab/embedded/lib/ruby/gems/2.6.0/gems/railties-6.0.2/lib/rails/initializable.rb:61:in `block in run_initializers'
  /opt/gitlab/embedded/lib/ruby/2.6.0/tsort.rb:228:in `block in tsort_each'
  /opt/gitlab/embedded/lib/ruby/2.6.0/tsort.rb:350:in `block (2 levels) in each_strongly_connected_component'
  /opt/gitlab/embedded/lib/ruby/2.6.0/tsort.rb:431:in `each_strongly_connected_component_from'
  /opt/gitlab/embedded/lib/ruby/2.6.0/tsort.rb:349:in `block in each_strongly_connected_component'
  /opt/gitlab/embedded/lib/ruby/2.6.0/tsort.rb:347:in `each'
  /opt/gitlab/embedded/lib/ruby/2.6.0/tsort.rb:347:in `call'
  /opt/gitlab/embedded/lib/ruby/2.6.0/tsort.rb:347:in `each_strongly_connected_component'
  /opt/gitlab/embedded/lib/ruby/2.6.0/tsort.rb:226:in `tsort_each'
  /opt/gitlab/embedded/lib/ruby/2.6.0/tsort.rb:205:in `tsort_each'
  /opt/gitlab/embedded/lib/ruby/gems/2.6.0/gems/railties-6.0.2/lib/rails/initializable.rb:60:in `run_initializers'
  /opt/gitlab/embedded/lib/ruby/gems/2.6.0/gems/railties-6.0.2/lib/rails/application.rb:363:in `initialize!'
  /opt/gitlab/embedded/service/gitlab-rails/config/environment.rb:5:in `<top (required)>'
  /opt/gitlab/embedded/service/gitlab-rails/config.ru:19:in `require'
  /opt/gitlab/embedded/service/gitlab-rails/config.ru:19:in `block in <main>'
  /opt/gitlab/embedded/lib/ruby/gems/2.6.0/gems/rack-2.0.7/lib/rack/builder.rb:55:in `instance_eval'
  /opt/gitlab/embedded/lib/ruby/gems/2.6.0/gems/rack-2.0.7/lib/rack/builder.rb:55:in `initialize'
  /opt/gitlab/embedded/service/gitlab-rails/config.ru:1:in `new'
  /opt/gitlab/embedded/service/gitlab-rails/config.ru:1:in `<main>'
  /opt/gitlab/embedded/lib/ruby/gems/2.6.0/gems/unicorn-5.4.1/lib/unicorn.rb:56:in `eval'
  /opt/gitlab/embedded/lib/ruby/gems/2.6.0/gems/unicorn-5.4.1/lib/unicorn.rb:56:in `block in builder'
  /opt/gitlab/embedded/lib/ruby/gems/2.6.0/gems/unicorn-5.4.1/lib/unicorn/http_server.rb:795:in `build_app!'
  /opt/gitlab/embedded/lib/ruby/gems/2.6.0/gems/unicorn-5.4.1/lib/unicorn/http_server.rb:139:in `start'
  /opt/gitlab/embedded/lib/ruby/gems/2.6.0/gems/unicorn-5.4.1/bin/unicorn:126:in `<top (required)>'
  /opt/gitlab/embedded/bin/unicorn:23:in `load'
  /opt/gitlab/embedded/bin/unicorn:23:in `<top (required)>'
I, [2020-02-28T19:18:26.859Z #375]  INFO -- : pid=/opt/gitlab/var/unicorn/unicorn.pid possibly stale, got EPERM signalling PID:364
I, [2020-02-28T19:18:26.860Z #375]  INFO -- : Refreshing Gem list
ArgumentError: Already running on PID:375 (or pid=/opt/gitlab/var/unicorn/unicorn.pid is stale)
  /opt/gitlab/embedded/lib/ruby/gems/2.6.0/gems/unicorn-5.4.1/lib/unicorn/http_server.rb:205:in `pid='
  /opt/gitlab/embedded/lib/ruby/gems/2.6.0/gems/unicorn-5.4.1/lib/unicorn/http_server.rb:137:in `start'
  /opt/gitlab/embedded/lib/ruby/gems/2.6.0/gems/unicorn-5.4.1/bin/unicorn:126:in `<top (required)>'
  /opt/gitlab/embedded/bin/unicorn:23:in `load'
  /opt/gitlab/embedded/bin/unicorn:23:in `<top (required)>'
ArgumentError: Already running on PID:375 (or pid=/opt/gitlab/var/unicorn/unicorn.pid is stale)
  /opt/gitlab/embedded/lib/ruby/gems/2.6.0/gems/unicorn-5.4.1/lib/unicorn/http_server.rb:205:in `pid='
  /opt/gitlab/embedded/lib/ruby/gems/2.6.0/gems/unicorn-5.4.1/lib/unicorn/http_server.rb:137:in `start'
  /opt/gitlab/embedded/lib/ruby/gems/2.6.0/gems/unicorn-5.4.1/bin/unicorn:126:in `<top (required)>'
  /opt/gitlab/embedded/bin/unicorn:23:in `load'
  /opt/gitlab/embedded/bin/unicorn:23:in `<top (required)>'
ArgumentError: Already running on PID:375 (or pid=/opt/gitlab/var/unicorn/unicorn.pid is stale)
  /opt/gitlab/embedded/lib/ruby/gems/2.6.0/gems/unicorn-5.4.1/lib/unicorn/http_server.rb:205:in `pid='
  /opt/gitlab/embedded/lib/ruby/gems/2.6.0/gems/unicorn-5.4.1/lib/unicorn/http_server.rb:137:in `start'
  /opt/gitlab/embedded/lib/ruby/gems/2.6.0/gems/unicorn-5.4.1/bin/unicorn:126:in `<top (required)>'
  /opt/gitlab/embedded/bin/unicorn:23:in `load'
  /opt/gitlab/embedded/bin/unicorn:23:in `<top (required)>'
ArgumentError: Already running on PID:375 (or pid=/opt/gitlab/var/unicorn/unicorn.pid is stale)
  /opt/gitlab/embedded/lib/ruby/gems/2.6.0/gems/unicorn-5.4.1/lib/unicorn/http_server.rb:205:in `pid='
  /opt/gitlab/embedded/lib/ruby/gems/2.6.0/gems/unicorn-5.4.1/lib/unicorn/http_server.rb:137:in `start'
  /opt/gitlab/embedded/lib/ruby/gems/2.6.0/gems/unicorn-5.4.1/bin/unicorn:126:in `<top (required)>'
  /opt/gitlab/embedded/bin/unicorn:23:in `load'
  /opt/gitlab/embedded/bin/unicorn:23:in `<top (required)>'
ArgumentError: Already running on PID:375 (or pid=/opt/gitlab/var/unicorn/unicorn.pid is stale)
  /opt/gitlab/embedded/lib/ruby/gems/2.6.0/gems/unicorn-5.4.1/lib/unicorn/http_server.rb:205:in `pid='
  /opt/gitlab/embedded/lib/ruby/gems/2.6.0/gems/unicorn-5.4.1/lib/unicorn/http_server.rb:137:in `start'
  /opt/gitlab/embedded/lib/ruby/gems/2.6.0/gems/unicorn-5.4.1/bin/unicorn:126:in `<top (required)>'
  /opt/gitlab/embedded/bin/unicorn:23:in `load'
  /opt/gitlab/embedded/bin/unicorn:23:in `<top (required)>'
ArgumentError: Already running on PID:375 (or pid=/opt/gitlab/var/unicorn/unicorn.pid is stale)
  /opt/gitlab/embedded/lib/ruby/gems/2.6.0/gems/unicorn-5.4.1/lib/unicorn/http_server.rb:205:in `pid='
  /opt/gitlab/embedded/lib/ruby/gems/2.6.0/gems/unicorn-5.4.1/lib/unicorn/http_server.rb:137:in `start'
  /opt/gitlab/embedded/lib/ruby/gems/2.6.0/gems/unicorn-5.4.1/bin/unicorn:126:in `<top (required)>'
  /opt/gitlab/embedded/bin/unicorn:23:in `load'
  /opt/gitlab/embedded/bin/unicorn:23:in `<top (required)>'
ArgumentError: Already running on PID:375 (or pid=/opt/gitlab/var/unicorn/unicorn.pid is stale)
  /opt/gitlab/embedded/lib/ruby/gems/2.6.0/gems/unicorn-5.4.1/lib/unicorn/http_server.rb:205:in `pid='
  /opt/gitlab/embedded/lib/ruby/gems/2.6.0/gems/unicorn-5.4.1/lib/unicorn/http_server.rb:137:in `start'
  /opt/gitlab/embedded/lib/ruby/gems/2.6.0/gems/unicorn-5.4.1/bin/unicorn:126:in `<top (required)>'
  /opt/gitlab/embedded/bin/unicorn:23:in `load'
  /opt/gitlab/embedded/bin/unicorn:23:in `<top (required)>'
ArgumentError: Already running on PID:375 (or pid=/opt/gitlab/var/unicorn/unicorn.pid is stale)
  /opt/gitlab/embedded/lib/ruby/gems/2.6.0/gems/unicorn-5.4.1/lib/unicorn/http_server.rb:205:in `pid='
  /opt/gitlab/embedded/lib/ruby/gems/2.6.0/gems/unicorn-5.4.1/lib/unicorn/http_server.rb:137:in `start'
  /opt/gitlab/embedded/lib/ruby/gems/2.6.0/gems/unicorn-5.4.1/bin/unicorn:126:in `<top (required)>'
  /opt/gitlab/embedded/bin/unicorn:23:in `load'
  /opt/gitlab/embedded/bin/unicorn:23:in `<top (required)>'
ArgumentError: Already running on PID:375 (or pid=/opt/gitlab/var/unicorn/unicorn.pid is stale)
  /opt/gitlab/embedded/lib/ruby/gems/2.6.0/gems/unicorn-5.4.1/lib/unicorn/http_server.rb:205:in `pid='
  /opt/gitlab/embedded/lib/ruby/gems/2.6.0/gems/unicorn-5.4.1/lib/unicorn/http_server.rb:137:in `start'
  /opt/gitlab/embedded/lib/ruby/gems/2.6.0/gems/unicorn-5.4.1/bin/unicorn:126:in `<top (required)>'
  /opt/gitlab/embedded/bin/unicorn:23:in `load'
  /opt/gitlab/embedded/bin/unicorn:23:in `<top (required)>'
ArgumentError: Already running on PID:375 (or pid=/opt/gitlab/var/unicorn/unicorn.pid is stale)
  /opt/gitlab/embedded/lib/ruby/gems/2.6.0/gems/unicorn-5.4.1/lib/unicorn/http_server.rb:205:in `pid='
  /opt/gitlab/embedded/lib/ruby/gems/2.6.0/gems/unicorn-5.4.1/lib/unicorn/http_server.rb:137:in `start'
  /opt/gitlab/embedded/lib/ruby/gems/2.6.0/gems/unicorn-5.4.1/bin/unicorn:126:in `<top (required)>'
  /opt/gitlab/embedded/bin/unicorn:23:in `load'
  /opt/gitlab/embedded/bin/unicorn:23:in `<top (required)>'
ArgumentError: Already running on PID:375 (or pid=/opt/gitlab/var/unicorn/unicorn.pid is stale)
  /opt/gitlab/embedded/lib/ruby/gems/2.6.0/gems/unicorn-5.4.1/lib/unicorn/http_server.rb:205:in `pid='
  /opt/gitlab/embedded/lib/ruby/gems/2.6.0/gems/unicorn-5.4.1/lib/unicorn/http_server.rb:137:in `start'
  /opt/gitlab/embedded/lib/ruby/gems/2.6.0/gems/unicorn-5.4.1/bin/unicorn:126:in `<top (required)>'
  /opt/gitlab/embedded/bin/unicorn:23:in `load'
  /opt/gitlab/embedded/bin/unicorn:23:in `<top (required)>'
ArgumentError: Already running on PID:375 (or pid=/opt/gitlab/var/unicorn/unicorn.pid is stale)
  /opt/gitlab/embedded/lib/ruby/gems/2.6.0/gems/unicorn-5.4.1/lib/unicorn/http_server.rb:205:in `pid='
  /opt/gitlab/embedded/lib/ruby/gems/2.6.0/gems/unicorn-5.4.1/lib/unicorn/http_server.rb:137:in `start'
  /opt/gitlab/embedded/lib/ruby/gems/2.6.0/gems/unicorn-5.4.1/bin/unicorn:126:in `<top (required)>'
  /opt/gitlab/embedded/bin/unicorn:23:in `load'
  /opt/gitlab/embedded/bin/unicorn:23:in `<top (required)>'
ArgumentError: Already running on PID:375 (or pid=/opt/gitlab/var/unicorn/unicorn.pid is stale)
  /opt/gitlab/embedded/lib/ruby/gems/2.6.0/gems/unicorn-5.4.1/lib/unicorn/http_server.rb:205:in `pid='
  /opt/gitlab/embedded/lib/ruby/gems/2.6.0/gems/unicorn-5.4.1/lib/unicorn/http_server.rb:137:in `start'
  /opt/gitlab/embedded/lib/ruby/gems/2.6.0/gems/unicorn-5.4.1/bin/unicorn:126:in `<top (required)>'
  /opt/gitlab/embedded/bin/unicorn:23:in `load'
  /opt/gitlab/embedded/bin/unicorn:23:in `<top (required)>'
ArgumentError: Already running on PID:375 (or pid=/opt/gitlab/var/unicorn/unicorn.pid is stale)
  /opt/gitlab/embedded/lib/ruby/gems/2.6.0/gems/unicorn-5.4.1/lib/unicorn/http_server.rb:205:in `pid='
  /opt/gitlab/embedded/lib/ruby/gems/2.6.0/gems/unicorn-5.4.1/lib/unicorn/http_server.rb:137:in `start'
  /opt/gitlab/embedded/lib/ruby/gems/2.6.0/gems/unicorn-5.4.1/bin/unicorn:126:in `<top (required)>'
  /opt/gitlab/embedded/bin/unicorn:23:in `load'
  /opt/gitlab/embedded/bin/unicorn:23:in `<top (required)>'
ArgumentError: Already running on PID:375 (or pid=/opt/gitlab/var/unicorn/unicorn.pid is stale)
  /opt/gitlab/embedded/lib/ruby/gems/2.6.0/gems/unicorn-5.4.1/lib/unicorn/http_server.rb:205:in `pid='
  /opt/gitlab/embedded/lib/ruby/gems/2.6.0/gems/unicorn-5.4.1/lib/unicorn/http_server.rb:137:in `start'
  /opt/gitlab/embedded/lib/ruby/gems/2.6.0/gems/unicorn-5.4.1/bin/unicorn:126:in `<top (required)>'
  /opt/gitlab/embedded/bin/unicorn:23:in `load'
  /opt/gitlab/embedded/bin/unicorn:23:in `<top (required)>'
ArgumentError: Already running on PID:375 (or pid=/opt/gitlab/var/unicorn/unicorn.pid is stale)
  /opt/gitlab/embedded/lib/ruby/gems/2.6.0/gems/unicorn-5.4.1/lib/unicorn/http_server.rb:205:in `pid='
  /opt/gitlab/embedded/lib/ruby/gems/2.6.0/gems/unicorn-5.4.1/lib/unicorn/http_server.rb:137:in `start'
  /opt/gitlab/embedded/lib/ruby/gems/2.6.0/gems/unicorn-5.4.1/bin/unicorn:126:in `<top (required)>'
  /opt/gitlab/embedded/bin/unicorn:23:in `load'
  /opt/gitlab/embedded/bin/unicorn:23:in `<top (required)>'
ArgumentError: Already running on PID:375 (or pid=/opt/gitlab/var/unicorn/unicorn.pid is stale)
  /opt/gitlab/embedded/lib/ruby/gems/2.6.0/gems/unicorn-5.4.1/lib/unicorn/http_server.rb:205:in `pid='
  /opt/gitlab/embedded/lib/ruby/gems/2.6.0/gems/unicorn-5.4.1/lib/unicorn/http_server.rb:137:in `start'
  /opt/gitlab/embedded/lib/ruby/gems/2.6.0/gems/unicorn-5.4.1/bin/unicorn:126:in `<top (required)>'
  /opt/gitlab/embedded/bin/unicorn:23:in `load'
  /opt/gitlab/embedded/bin/unicorn:23:in `<top (required)>'
ArgumentError: Already running on PID:375 (or pid=/opt/gitlab/var/unicorn/unicorn.pid is stale)
  /opt/gitlab/embedded/lib/ruby/gems/2.6.0/gems/unicorn-5.4.1/lib/unicorn/http_server.rb:205:in `pid='
  /opt/gitlab/embedded/lib/ruby/gems/2.6.0/gems/unicorn-5.4.1/lib/unicorn/http_server.rb:137:in `start'
  /opt/gitlab/embedded/lib/ruby/gems/2.6.0/gems/unicorn-5.4.1/bin/unicorn:126:in `<top (required)>'
  /opt/gitlab/embedded/bin/unicorn:23:in `load'
  /opt/gitlab/embedded/bin/unicorn:23:in `<top (required)>'
ArgumentError: Already running on PID:375 (or pid=/opt/gitlab/var/unicorn/unicorn.pid is stale)
  /opt/gitlab/embedded/lib/ruby/gems/2.6.0/gems/unicorn-5.4.1/lib/unicorn/http_server.rb:205:in `pid='
  /opt/gitlab/embedded/lib/ruby/gems/2.6.0/gems/unicorn-5.4.1/lib/unicorn/http_server.rb:137:in `start'
  /opt/gitlab/embedded/lib/ruby/gems/2.6.0/gems/unicorn-5.4.1/bin/unicorn:126:in `<top (required)>'
  /opt/gitlab/embedded/bin/unicorn:23:in `load'
  /opt/gitlab/embedded/bin/unicorn:23:in `<top (required)>'
ArgumentError: Already running on PID:375 (or pid=/opt/gitlab/var/unicorn/unicorn.pid is stale)
  /opt/gitlab/embedded/lib/ruby/gems/2.6.0/gems/unicorn-5.4.1/lib/unicorn/http_server.rb:205:in `pid='
  /opt/gitlab/embedded/lib/ruby/gems/2.6.0/gems/unicorn-5.4.1/lib/unicorn/http_server.rb:137:in `start'
  /opt/gitlab/embedded/lib/ruby/gems/2.6.0/gems/unicorn-5.4.1/bin/unicorn:126:in `<top (required)>'
  /opt/gitlab/embedded/bin/unicorn:23:in `load'
  /opt/gitlab/embedded/bin/unicorn:23:in `<top (required)>'
ArgumentError: Already running on PID:375 (or pid=/opt/gitlab/var/unicorn/unicorn.pid is stale)
  /opt/gitlab/embedded/lib/ruby/gems/2.6.0/gems/unicorn-5.4.1/lib/unicorn/http_server.rb:205:in `pid='
  /opt/gitlab/embedded/lib/ruby/gems/2.6.0/gems/unicorn-5.4.1/lib/unicorn/http_server.rb:137:in `start'
  /opt/gitlab/embedded/lib/ruby/gems/2.6.0/gems/unicorn-5.4.1/bin/unicorn:126:in `<top (required)>'
  /opt/gitlab/embedded/bin/unicorn:23:in `load'
  /opt/gitlab/embedded/bin/unicorn:23:in `<top (required)>'
ArgumentError: Already running on PID:375 (or pid=/opt/gitlab/var/unicorn/unicorn.pid is stale)
  /opt/gitlab/embedded/lib/ruby/gems/2.6.0/gems/unicorn-5.4.1/lib/unicorn/http_server.rb:205:in `pid='
  /opt/gitlab/embedded/lib/ruby/gems/2.6.0/gems/unicorn-5.4.1/lib/unicorn/http_server.rb:137:in `start'
  /opt/gitlab/embedded/lib/ruby/gems/2.6.0/gems/unicorn-5.4.1/bin/unicorn:126:in `<top (required)>'
  /opt/gitlab/embedded/bin/unicorn:23:in `load'
  /opt/gitlab/embedded/bin/unicorn:23:in `<top (required)>'
ArgumentError: Already running on PID:375 (or pid=/opt/gitlab/var/unicorn/unicorn.pid is stale)
  /opt/gitlab/embedded/lib/ruby/gems/2.6.0/gems/unicorn-5.4.1/lib/unicorn/http_server.rb:205:in `pid='
  /opt/gitlab/embedded/lib/ruby/gems/2.6.0/gems/unicorn-5.4.1/lib/unicorn/http_server.rb:137:in `start'
  /opt/gitlab/embedded/lib/ruby/gems/2.6.0/gems/unicorn-5.4.1/bin/unicorn:126:in `<top (required)>'
  /opt/gitlab/embedded/bin/unicorn:23:in `load'
  /opt/gitlab/embedded/bin/unicorn:23:in `<top (required)>'
ArgumentError: Already running on PID:375 (or pid=/opt/gitlab/var/unicorn/unicorn.pid is stale)
  /opt/gitlab/embedded/lib/ruby/gems/2.6.0/gems/unicorn-5.4.1/lib/unicorn/http_server.rb:205:in `pid='
  /opt/gitlab/embedded/lib/ruby/gems/2.6.0/gems/unicorn-5.4.1/lib/unicorn/http_server.rb:137:in `start'
  /opt/gitlab/embedded/lib/ruby/gems/2.6.0/gems/unicorn-5.4.1/bin/unicorn:126:in `<top (required)>'
  /opt/gitlab/embedded/bin/unicorn:23:in `load'
  /opt/gitlab/embedded/bin/unicorn:23:in `<top (required)>'
ArgumentError: Already running on PID:375 (or pid=/opt/gitlab/var/unicorn/unicorn.pid is stale)
  /opt/gitlab/embedded/lib/ruby/gems/2.6.0/gems/unicorn-5.4.1/lib/unicorn/http_server.rb:205:in `pid='
  /opt/gitlab/embedded/lib/ruby/gems/2.6.0/gems/unicorn-5.4.1/lib/unicorn/http_server.rb:137:in `start'
  /opt/gitlab/embedded/lib/ruby/gems/2.6.0/gems/unicorn-5.4.1/bin/unicorn:126:in `<top (required)>'
  /opt/gitlab/embedded/bin/unicorn:23:in `load'
  /opt/gitlab/embedded/bin/unicorn:23:in `<top (required)>'
ArgumentError: Already running on PID:375 (or pid=/opt/gitlab/var/unicorn/unicorn.pid is stale)
  /opt/gitlab/embedded/lib/ruby/gems/2.6.0/gems/unicorn-5.4.1/lib/unicorn/http_server.rb:205:in `pid='
  /opt/gitlab/embedded/lib/ruby/gems/2.6.0/gems/unicorn-5.4.1/lib/unicorn/http_server.rb:137:in `start'
  /opt/gitlab/embedded/lib/ruby/gems/2.6.0/gems/unicorn-5.4.1/bin/unicorn:126:in `<top (required)>'
  /opt/gitlab/embedded/bin/unicorn:23:in `load'
  /opt/gitlab/embedded/bin/unicorn:23:in `<top (required)>'
ArgumentError: Already running on PID:375 (or pid=/opt/gitlab/var/unicorn/unicorn.pid is stale)
  /opt/gitlab/embedded/lib/ruby/gems/2.6.0/gems/unicorn-5.4.1/lib/unicorn/http_server.rb:205:in `pid='
  /opt/gitlab/embedded/lib/ruby/gems/2.6.0/gems/unicorn-5.4.1/lib/unicorn/http_server.rb:137:in `start'
  /opt/gitlab/embedded/lib/ruby/gems/2.6.0/gems/unicorn-5.4.1/bin/unicorn:126:in `<top (required)>'
  /opt/gitlab/embedded/bin/unicorn:23:in `load'
  /opt/gitlab/embedded/bin/unicorn:23:in `<top (required)>'
ArgumentError: Already running on PID:375 (or pid=/opt/gitlab/var/unicorn/unicorn.pid is stale)
  /opt/gitlab/embedded/lib/ruby/gems/2.6.0/gems/unicorn-5.4.1/lib/unicorn/http_server.rb:205:in `pid='
  /opt/gitlab/embedded/lib/ruby/gems/2.6.0/gems/unicorn-5.4.1/lib/unicorn/http_server.rb:137:in `start'
  /opt/gitlab/embedded/lib/ruby/gems/2.6.0/gems/unicorn-5.4.1/bin/unicorn:126:in `<top (required)>'
  /opt/gitlab/embedded/bin/unicorn:23:in `load'
  /opt/gitlab/embedded/bin/unicorn:23:in `<top (required)>'
ArgumentError: Already running on PID:375 (or pid=/opt/gitlab/var/unicorn/unicorn.pid is stale)
  /opt/gitlab/embedded/lib/ruby/gems/2.6.0/gems/unicorn-5.4.1/lib/unicorn/http_server.rb:205:in `pid='
  /opt/gitlab/embedded/lib/ruby/gems/2.6.0/gems/unicorn-5.4.1/lib/unicorn/http_server.rb:137:in `start'
  /opt/gitlab/embedded/lib/ruby/gems/2.6.0/gems/unicorn-5.4.1/bin/unicorn:126:in `<top (required)>'
  /opt/gitlab/embedded/bin/unicorn:23:in `load'
  /opt/gitlab/embedded/bin/unicorn:23:in `<top (required)>'
ArgumentError: Already running on PID:375 (or pid=/opt/gitlab/var/unicorn/unicorn.pid is stale)
  /opt/gitlab/embedded/lib/ruby/gems/2.6.0/gems/unicorn-5.4.1/lib/unicorn/http_server.rb:205:in `pid='
  /opt/gitlab/embedded/lib/ruby/gems/2.6.0/gems/unicorn-5.4.1/lib/unicorn/http_server.rb:137:in `start'
  /opt/gitlab/embedded/lib/ruby/gems/2.6.0/gems/unicorn-5.4.1/bin/unicorn:126:in `<top (required)>'
  /opt/gitlab/embedded/bin/unicorn:23:in `load'
  /opt/gitlab/embedded/bin/unicorn:23:in `<top (required)>'
ArgumentError: Already running on PID:375 (or pid=/opt/gitlab/var/unicorn/unicorn.pid is stale)
  /opt/gitlab/embedded/lib/ruby/gems/2.6.0/gems/unicorn-5.4.1/lib/unicorn/http_server.rb:205:in `pid='
  /opt/gitlab/embedded/lib/ruby/gems/2.6.0/gems/unicorn-5.4.1/lib/unicorn/http_server.rb:137:in `start'
  /opt/gitlab/embedded/lib/ruby/gems/2.6.0/gems/unicorn-5.4.1/bin/unicorn:126:in `<top (required)>'
  /opt/gitlab/embedded/bin/unicorn:23:in `load'
  /opt/gitlab/embedded/bin/unicorn:23:in `<top (required)>'
ArgumentError: Already running on PID:375 (or pid=/opt/gitlab/var/unicorn/unicorn.pid is stale)
  /opt/gitlab/embedded/lib/ruby/gems/2.6.0/gems/unicorn-5.4.1/lib/unicorn/http_server.rb:205:in `pid='
  /opt/gitlab/embedded/lib/ruby/gems/2.6.0/gems/unicorn-5.4.1/lib/unicorn/http_server.rb:137:in `start'
  /opt/gitlab/embedded/lib/ruby/gems/2.6.0/gems/unicorn-5.4.1/bin/unicorn:126:in `<top (required)>'
  /opt/gitlab/embedded/bin/unicorn:23:in `load'
  /opt/gitlab/embedded/bin/unicorn:23:in `<top (required)>'
ArgumentError: Already running on PID:375 (or pid=/opt/gitlab/var/unicorn/unicorn.pid is stale)
  /opt/gitlab/embedded/lib/ruby/gems/2.6.0/gems/unicorn-5.4.1/lib/unicorn/http_server.rb:205:in `pid='
  /opt/gitlab/embedded/lib/ruby/gems/2.6.0/gems/unicorn-5.4.1/lib/unicorn/http_server.rb:137:in `start'
  /opt/gitlab/embedded/lib/ruby/gems/2.6.0/gems/unicorn-5.4.1/bin/unicorn:126:in `<top (required)>'
  /opt/gitlab/embedded/bin/unicorn:23:in `load'
  /opt/gitlab/embedded/bin/unicorn:23:in `<top (required)>'
ArgumentError: Already running on PID:375 (or pid=/opt/gitlab/var/unicorn/unicorn.pid is stale)
  /opt/gitlab/embedded/lib/ruby/gems/2.6.0/gems/unicorn-5.4.1/lib/unicorn/http_server.rb:205:in `pid='
  /opt/gitlab/embedded/lib/ruby/gems/2.6.0/gems/unicorn-5.4.1/lib/unicorn/http_server.rb:137:in `start'
  /opt/gitlab/embedded/lib/ruby/gems/2.6.0/gems/unicorn-5.4.1/bin/unicorn:126:in `<top (required)>'
  /opt/gitlab/embedded/bin/unicorn:23:in `load'
  /opt/gitlab/embedded/bin/unicorn:23:in `<top (required)>'
ArgumentError: Already running on PID:375 (or pid=/opt/gitlab/var/unicorn/unicorn.pid is stale)
  /opt/gitlab/embedded/lib/ruby/gems/2.6.0/gems/unicorn-5.4.1/lib/unicorn/http_server.rb:205:in `pid='
  /opt/gitlab/embedded/lib/ruby/gems/2.6.0/gems/unicorn-5.4.1/lib/unicorn/http_server.rb:137:in `start'
  /opt/gitlab/embedded/lib/ruby/gems/2.6.0/gems/unicorn-5.4.1/bin/unicorn:126:in `<top (required)>'
  /opt/gitlab/embedded/bin/unicorn:23:in `load'
  /opt/gitlab/embedded/bin/unicorn:23:in `<top (required)>'
ArgumentError: Already running on PID:375 (or pid=/opt/gitlab/var/unicorn/unicorn.pid is stale)
  /opt/gitlab/embedded/lib/ruby/gems/2.6.0/gems/unicorn-5.4.1/lib/unicorn/http_server.rb:205:in `pid='
  /opt/gitlab/embedded/lib/ruby/gems/2.6.0/gems/unicorn-5.4.1/lib/unicorn/http_server.rb:137:in `start'
  /opt/gitlab/embedded/lib/ruby/gems/2.6.0/gems/unicorn-5.4.1/bin/unicorn:126:in `<top (required)>'
  /opt/gitlab/embedded/bin/unicorn:23:in `load'
  /opt/gitlab/embedded/bin/unicorn:23:in `<top (required)>'
ArgumentError: Already running on PID:375 (or pid=/opt/gitlab/var/unicorn/unicorn.pid is stale)
  /opt/gitlab/embedded/lib/ruby/gems/2.6.0/gems/unicorn-5.4.1/lib/unicorn/http_server.rb:205:in `pid='
  /opt/gitlab/embedded/lib/ruby/gems/2.6.0/gems/unicorn-5.4.1/lib/unicorn/http_server.rb:137:in `start'
  /opt/gitlab/embedded/lib/ruby/gems/2.6.0/gems/unicorn-5.4.1/bin/unicorn:126:in `<top (required)>'
  /opt/gitlab/embedded/bin/unicorn:23:in `load'
  /opt/gitlab/embedded/bin/unicorn:23:in `<top (required)>'
ArgumentError: Already running on PID:375 (or pid=/opt/gitlab/var/unicorn/unicorn.pid is stale)
  /opt/gitlab/embedded/lib/ruby/gems/2.6.0/gems/unicorn-5.4.1/lib/unicorn/http_server.rb:205:in `pid='
  /opt/gitlab/embedded/lib/ruby/gems/2.6.0/gems/unicorn-5.4.1/lib/unicorn/http_server.rb:137:in `start'
  /opt/gitlab/embedded/lib/ruby/gems/2.6.0/gems/unicorn-5.4.1/bin/unicorn:126:in `<top (required)>'
  /opt/gitlab/embedded/bin/unicorn:23:in `load'
  /opt/gitlab/embedded/bin/unicorn:23:in `<top (required)>'
ArgumentError: Already running on PID:375 (or pid=/opt/gitlab/var/unicorn/unicorn.pid is stale)
  /opt/gitlab/embedded/lib/ruby/gems/2.6.0/gems/unicorn-5.4.1/lib/unicorn/http_server.rb:205:in `pid='
  /opt/gitlab/embedded/lib/ruby/gems/2.6.0/gems/unicorn-5.4.1/lib/unicorn/http_server.rb:137:in `start'
  /opt/gitlab/embedded/lib/ruby/gems/2.6.0/gems/unicorn-5.4.1/bin/unicorn:126:in `<top (required)>'
  /opt/gitlab/embedded/bin/unicorn:23:in `load'
  /opt/gitlab/embedded/bin/unicorn:23:in `<top (required)>'
ArgumentError: Already running on PID:375 (or pid=/opt/gitlab/var/unicorn/unicorn.pid is stale)
  /opt/gitlab/embedded/lib/ruby/gems/2.6.0/gems/unicorn-5.4.1/lib/unicorn/http_server.rb:205:in `pid='
  /opt/gitlab/embedded/lib/ruby/gems/2.6.0/gems/unicorn-5.4.1/lib/unicorn/http_server.rb:137:in `start'
  /opt/gitlab/embedded/lib/ruby/gems/2.6.0/gems/unicorn-5.4.1/bin/unicorn:126:in `<top (required)>'
  /opt/gitlab/embedded/bin/unicorn:23:in `load'
  /opt/gitlab/embedded/bin/unicorn:23:in `<top (required)>'
ArgumentError: Already running on PID:375 (or pid=/opt/gitlab/var/unicorn/unicorn.pid is stale)
  /opt/gitlab/embedded/lib/ruby/gems/2.6.0/gems/unicorn-5.4.1/lib/unicorn/http_server.rb:205:in `pid='
  /opt/gitlab/embedded/lib/ruby/gems/2.6.0/gems/unicorn-5.4.1/lib/unicorn/http_server.rb:137:in `start'
  /opt/gitlab/embedded/lib/ruby/gems/2.6.0/gems/unicorn-5.4.1/bin/unicorn:126:in `<top (required)>'
  /opt/gitlab/embedded/bin/unicorn:23:in `load'
  /opt/gitlab/embedded/bin/unicorn:23:in `<top (required)>'
ArgumentError: Already running on PID:375 (or pid=/opt/gitlab/var/unicorn/unicorn.pid is stale)
  /opt/gitlab/embedded/lib/ruby/gems/2.6.0/gems/unicorn-5.4.1/lib/unicorn/http_server.rb:205:in `pid='
  /opt/gitlab/embedded/lib/ruby/gems/2.6.0/gems/unicorn-5.4.1/lib/unicorn/http_server.rb:137:in `start'
  /opt/gitlab/embedded/lib/ruby/gems/2.6.0/gems/unicorn-5.4.1/bin/unicorn:126:in `<top (required)>'
  /opt/gitlab/embedded/bin/unicorn:23:in `load'
  /opt/gitlab/embedded/bin/unicorn:23:in `<top (required)>'
ArgumentError: Already running on PID:375 (or pid=/opt/gitlab/var/unicorn/unicorn.pid is stale)
  /opt/gitlab/embedded/lib/ruby/gems/2.6.0/gems/unicorn-5.4.1/lib/unicorn/http_server.rb:205:in `pid='
  /opt/gitlab/embedded/lib/ruby/gems/2.6.0/gems/unicorn-5.4.1/lib/unicorn/http_server.rb:137:in `start'
  /opt/gitlab/embedded/lib/ruby/gems/2.6.0/gems/unicorn-5.4.1/bin/unicorn:126:in `<top (required)>'
  /opt/gitlab/embedded/bin/unicorn:23:in `load'
  /opt/gitlab/embedded/bin/unicorn:23:in `<top (required)>'
ArgumentError: Already running on PID:375 (or pid=/opt/gitlab/var/unicorn/unicorn.pid is stale)
  /opt/gitlab/embedded/lib/ruby/gems/2.6.0/gems/unicorn-5.4.1/lib/unicorn/http_server.rb:205:in `pid='
  /opt/gitlab/embedded/lib/ruby/gems/2.6.0/gems/unicorn-5.4.1/lib/unicorn/http_server.rb:137:in `start'
  /opt/gitlab/embedded/lib/ruby/gems/2.6.0/gems/unicorn-5.4.1/bin/unicorn:126:in `<top (required)>'
  /opt/gitlab/embedded/bin/unicorn:23:in `load'
  /opt/gitlab/embedded/bin/unicorn:23:in `<top (required)>'
ArgumentError: Already running on PID:375 (or pid=/opt/gitlab/var/unicorn/unicorn.pid is stale)
  /opt/gitlab/embedded/lib/ruby/gems/2.6.0/gems/unicorn-5.4.1/lib/unicorn/http_server.rb:205:in `pid='
  /opt/gitlab/embedded/lib/ruby/gems/2.6.0/gems/unicorn-5.4.1/lib/unicorn/http_server.rb:137:in `start'
  /opt/gitlab/embedded/lib/ruby/gems/2.6.0/gems/unicorn-5.4.1/bin/unicorn:126:in `<top (required)>'
  /opt/gitlab/embedded/bin/unicorn:23:in `load'
  /opt/gitlab/embedded/bin/unicorn:23:in `<top (required)>'
ArgumentError: Already running on PID:375 (or pid=/opt/gitlab/var/unicorn/unicorn.pid is stale)
  /opt/gitlab/embedded/lib/ruby/gems/2.6.0/gems/unicorn-5.4.1/lib/unicorn/http_server.rb:205:in `pid='
  /opt/gitlab/embedded/lib/ruby/gems/2.6.0/gems/unicorn-5.4.1/lib/unicorn/http_server.rb:137:in `start'
  /opt/gitlab/embedded/lib/ruby/gems/2.6.0/gems/unicorn-5.4.1/bin/unicorn:126:in `<top (required)>'
  /opt/gitlab/embedded/bin/unicorn:23:in `load'
  /opt/gitlab/embedded/bin/unicorn:23:in `<top (required)>'
ArgumentError: Already running on PID:375 (or pid=/opt/gitlab/var/unicorn/unicorn.pid is stale)
  /opt/gitlab/embedded/lib/ruby/gems/2.6.0/gems/unicorn-5.4.1/lib/unicorn/http_server.rb:205:in `pid='
  /opt/gitlab/embedded/lib/ruby/gems/2.6.0/gems/unicorn-5.4.1/lib/unicorn/http_server.rb:137:in `start'
  /opt/gitlab/embedded/lib/ruby/gems/2.6.0/gems/unicorn-5.4.1/bin/unicorn:126:in `<top (required)>'
  /opt/gitlab/embedded/bin/unicorn:23:in `load'
  /opt/gitlab/embedded/bin/unicorn:23:in `<top (required)>'
ArgumentError: Already running on PID:375 (or pid=/opt/gitlab/var/unicorn/unicorn.pid is stale)
  /opt/gitlab/embedded/lib/ruby/gems/2.6.0/gems/unicorn-5.4.1/lib/unicorn/http_server.rb:205:in `pid='
  /opt/gitlab/embedded/lib/ruby/gems/2.6.0/gems/unicorn-5.4.1/lib/unicorn/http_server.rb:137:in `start'
  /opt/gitlab/embedded/lib/ruby/gems/2.6.0/gems/unicorn-5.4.1/bin/unicorn:126:in `<top (required)>'
  /opt/gitlab/embedded/bin/unicorn:23:in `load'
  /opt/gitlab/embedded/bin/unicorn:23:in `<top (required)>'
ArgumentError: Already running on PID:375 (or pid=/opt/gitlab/var/unicorn/unicorn.pid is stale)
  /opt/gitlab/embedded/lib/ruby/gems/2.6.0/gems/unicorn-5.4.1/lib/unicorn/http_server.rb:205:in `pid='
  /opt/gitlab/embedded/lib/ruby/gems/2.6.0/gems/unicorn-5.4.1/lib/unicorn/http_server.rb:137:in `start'
  /opt/gitlab/embedded/lib/ruby/gems/2.6.0/gems/unicorn-5.4.1/bin/unicorn:126:in `<top (required)>'
  /opt/gitlab/embedded/bin/unicorn:23:in `load'
  /opt/gitlab/embedded/bin/unicorn:23:in `<top (required)>'
ArgumentError: Already running on PID:375 (or pid=/opt/gitlab/var/unicorn/unicorn.pid is stale)
  /opt/gitlab/embedded/lib/ruby/gems/2.6.0/gems/unicorn-5.4.1/lib/unicorn/http_server.rb:205:in `pid='
  /opt/gitlab/embedded/lib/ruby/gems/2.6.0/gems/unicorn-5.4.1/lib/unicorn/http_server.rb:137:in `start'
  /opt/gitlab/embedded/lib/ruby/gems/2.6.0/gems/unicorn-5.4.1/bin/unicorn:126:in `<top (required)>'
  /opt/gitlab/embedded/bin/unicorn:23:in `load'
  /opt/gitlab/embedded/bin/unicorn:23:in `<top (required)>'
ArgumentError: Already running on PID:375 (or pid=/opt/gitlab/var/unicorn/unicorn.pid is stale)
  /opt/gitlab/embedded/lib/ruby/gems/2.6.0/gems/unicorn-5.4.1/lib/unicorn/http_server.rb:205:in `pid='
  /opt/gitlab/embedded/lib/ruby/gems/2.6.0/gems/unicorn-5.4.1/lib/unicorn/http_server.rb:137:in `start'
  /opt/gitlab/embedded/lib/ruby/gems/2.6.0/gems/unicorn-5.4.1/bin/unicorn:126:in `<top (required)>'
  /opt/gitlab/embedded/bin/unicorn:23:in `load'
  /opt/gitlab/embedded/bin/unicorn:23:in `<top (required)>'
ArgumentError: Already running on PID:375 (or pid=/opt/gitlab/var/unicorn/unicorn.pid is stale)
  /opt/gitlab/embedded/lib/ruby/gems/2.6.0/gems/unicorn-5.4.1/lib/unicorn/http_server.rb:205:in `pid='
  /opt/gitlab/embedded/lib/ruby/gems/2.6.0/gems/unicorn-5.4.1/lib/unicorn/http_server.rb:137:in `start'
  /opt/gitlab/embedded/lib/ruby/gems/2.6.0/gems/unicorn-5.4.1/bin/unicorn:126:in `<top (required)>'
  /opt/gitlab/embedded/bin/unicorn:23:in `load'
  /opt/gitlab/embedded/bin/unicorn:23:in `<top (required)>'
ArgumentError: Already running on PID:375 (or pid=/opt/gitlab/var/unicorn/unicorn.pid is stale)
  /opt/gitlab/embedded/lib/ruby/gems/2.6.0/gems/unicorn-5.4.1/lib/unicorn/http_server.rb:205:in `pid='
  /opt/gitlab/embedded/lib/ruby/gems/2.6.0/gems/unicorn-5.4.1/lib/unicorn/http_server.rb:137:in `start'
  /opt/gitlab/embedded/lib/ruby/gems/2.6.0/gems/unicorn-5.4.1/bin/unicorn:126:in `<top (required)>'
  /opt/gitlab/embedded/bin/unicorn:23:in `load'
  /opt/gitlab/embedded/bin/unicorn:23:in `<top (required)>'
ArgumentError: Already running on PID:375 (or pid=/opt/gitlab/var/unicorn/unicorn.pid is stale)
  /opt/gitlab/embedded/lib/ruby/gems/2.6.0/gems/unicorn-5.4.1/lib/unicorn/http_server.rb:205:in `pid='
  /opt/gitlab/embedded/lib/ruby/gems/2.6.0/gems/unicorn-5.4.1/lib/unicorn/http_server.rb:137:in `start'
  /opt/gitlab/embedded/lib/ruby/gems/2.6.0/gems/unicorn-5.4.1/bin/unicorn:126:in `<top (required)>'
  /opt/gitlab/embedded/bin/unicorn:23:in `load'
  /opt/gitlab/embedded/bin/unicorn:23:in `<top (required)>'
ArgumentError: Already running on PID:375 (or pid=/opt/gitlab/var/unicorn/unicorn.pid is stale)
  /opt/gitlab/embedded/lib/ruby/gems/2.6.0/gems/unicorn-5.4.1/lib/unicorn/http_server.rb:205:in `pid='
  /opt/gitlab/embedded/lib/ruby/gems/2.6.0/gems/unicorn-5.4.1/lib/unicorn/http_server.rb:137:in `start'
  /opt/gitlab/embedded/lib/ruby/gems/2.6.0/gems/unicorn-5.4.1/bin/unicorn:126:in `<top (required)>'
  /opt/gitlab/embedded/bin/unicorn:23:in `load'
  /opt/gitlab/embedded/bin/unicorn:23:in `<top (required)>'
ArgumentError: Already running on PID:375 (or pid=/opt/gitlab/var/unicorn/unicorn.pid is stale)
  /opt/gitlab/embedded/lib/ruby/gems/2.6.0/gems/unicorn-5.4.1/lib/unicorn/http_server.rb:205:in `pid='
  /opt/gitlab/embedded/lib/ruby/gems/2.6.0/gems/unicorn-5.4.1/lib/unicorn/http_server.rb:137:in `start'
  /opt/gitlab/embedded/lib/ruby/gems/2.6.0/gems/unicorn-5.4.1/bin/unicorn:126:in `<top (required)>'
  /opt/gitlab/embedded/bin/unicorn:23:in `load'
  /opt/gitlab/embedded/bin/unicorn:23:in `<top (required)>'
ArgumentError: Already running on PID:375 (or pid=/opt/gitlab/var/unicorn/unicorn.pid is stale)
  /opt/gitlab/embedded/lib/ruby/gems/2.6.0/gems/unicorn-5.4.1/lib/unicorn/http_server.rb:205:in `pid='
  /opt/gitlab/embedded/lib/ruby/gems/2.6.0/gems/unicorn-5.4.1/lib/unicorn/http_server.rb:137:in `start'
  /opt/gitlab/embedded/lib/ruby/gems/2.6.0/gems/unicorn-5.4.1/bin/unicorn:126:in `<top (required)>'
  /opt/gitlab/embedded/bin/unicorn:23:in `load'
  /opt/gitlab/embedded/bin/unicorn:23:in `<top (required)>'
ArgumentError: Already running on PID:375 (or pid=/opt/gitlab/var/unicorn/unicorn.pid is stale)
  /opt/gitlab/embedded/lib/ruby/gems/2.6.0/gems/unicorn-5.4.1/lib/unicorn/http_server.rb:205:in `pid='
  /opt/gitlab/embedded/lib/ruby/gems/2.6.0/gems/unicorn-5.4.1/lib/unicorn/http_server.rb:137:in `start'
  /opt/gitlab/embedded/lib/ruby/gems/2.6.0/gems/unicorn-5.4.1/bin/unicorn:126:in `<top (required)>'
  /opt/gitlab/embedded/bin/unicorn:23:in `load'
  /opt/gitlab/embedded/bin/unicorn:23:in `<top (required)>'
ArgumentError: Already running on PID:375 (or pid=/opt/gitlab/var/unicorn/unicorn.pid is stale)
  /opt/gitlab/embedded/lib/ruby/gems/2.6.0/gems/unicorn-5.4.1/lib/unicorn/http_server.rb:205:in `pid='
  /opt/gitlab/embedded/lib/ruby/gems/2.6.0/gems/unicorn-5.4.1/lib/unicorn/http_server.rb:137:in `start'
  /opt/gitlab/embedded/lib/ruby/gems/2.6.0/gems/unicorn-5.4.1/bin/unicorn:126:in `<top (required)>'
  /opt/gitlab/embedded/bin/unicorn:23:in `load'
  /opt/gitlab/embedded/bin/unicorn:23:in `<top (required)>'
ArgumentError: Already running on PID:375 (or pid=/opt/gitlab/var/unicorn/unicorn.pid is stale)
  /opt/gitlab/embedded/lib/ruby/gems/2.6.0/gems/unicorn-5.4.1/lib/unicorn/http_server.rb:205:in `pid='
  /opt/gitlab/embedded/lib/ruby/gems/2.6.0/gems/unicorn-5.4.1/lib/unicorn/http_server.rb:137:in `start'
  /opt/gitlab/embedded/lib/ruby/gems/2.6.0/gems/unicorn-5.4.1/bin/unicorn:126:in `<top (required)>'
  /opt/gitlab/embedded/bin/unicorn:23:in `load'
  /opt/gitlab/embedded/bin/unicorn:23:in `<top (required)>'
ArgumentError: Already running on PID:375 (or pid=/opt/gitlab/var/unicorn/unicorn.pid is stale)
  /opt/gitlab/embedded/lib/ruby/gems/2.6.0/gems/unicorn-5.4.1/lib/unicorn/http_server.rb:205:in `pid='
  /opt/gitlab/embedded/lib/ruby/gems/2.6.0/gems/unicorn-5.4.1/lib/unicorn/http_server.rb:137:in `start'
  /opt/gitlab/embedded/lib/ruby/gems/2.6.0/gems/unicorn-5.4.1/bin/unicorn:126:in `<top (required)>'
  /opt/gitlab/embedded/bin/unicorn:23:in `load'
  /opt/gitlab/embedded/bin/unicorn:23:in `<top (required)>'
ArgumentError: Already running on PID:375 (or pid=/opt/gitlab/var/unicorn/unicorn.pid is stale)
  /opt/gitlab/embedded/lib/ruby/gems/2.6.0/gems/unicorn-5.4.1/lib/unicorn/http_server.rb:205:in `pid='
  /opt/gitlab/embedded/lib/ruby/gems/2.6.0/gems/unicorn-5.4.1/lib/unicorn/http_server.rb:137:in `start'
  /opt/gitlab/embedded/lib/ruby/gems/2.6.0/gems/unicorn-5.4.1/bin/unicorn:126:in `<top (required)>'
  /opt/gitlab/embedded/bin/unicorn:23:in `load'
  /opt/gitlab/embedded/bin/unicorn:23:in `<top (required)>'
ArgumentError: Already running on PID:375 (or pid=/opt/gitlab/var/unicorn/unicorn.pid is stale)
  /opt/gitlab/embedded/lib/ruby/gems/2.6.0/gems/unicorn-5.4.1/lib/unicorn/http_server.rb:205:in `pid='
  /opt/gitlab/embedded/lib/ruby/gems/2.6.0/gems/unicorn-5.4.1/lib/unicorn/http_server.rb:137:in `start'
  /opt/gitlab/embedded/lib/ruby/gems/2.6.0/gems/unicorn-5.4.1/bin/unicorn:126:in `<top (required)>'
  /opt/gitlab/embedded/bin/unicorn:23:in `load'
  /opt/gitlab/embedded/bin/unicorn:23:in `<top (required)>'
ArgumentError: Already running on PID:375 (or pid=/opt/gitlab/var/unicorn/unicorn.pid is stale)
  /opt/gitlab/embedded/lib/ruby/gems/2.6.0/gems/unicorn-5.4.1/lib/unicorn/http_server.rb:205:in `pid='
  /opt/gitlab/embedded/lib/ruby/gems/2.6.0/gems/unicorn-5.4.1/lib/unicorn/http_server.rb:137:in `start'
  /opt/gitlab/embedded/lib/ruby/gems/2.6.0/gems/unicorn-5.4.1/bin/unicorn:126:in `<top (required)>'
  /opt/gitlab/embedded/bin/unicorn:23:in `load'
  /opt/gitlab/embedded/bin/unicorn:23:in `<top (required)>'
ArgumentError: Already running on PID:375 (or pid=/opt/gitlab/var/unicorn/unicorn.pid is stale)
  /opt/gitlab/embedded/lib/ruby/gems/2.6.0/gems/unicorn-5.4.1/lib/unicorn/http_server.rb:205:in `pid='
  /opt/gitlab/embedded/lib/ruby/gems/2.6.0/gems/unicorn-5.4.1/lib/unicorn/http_server.rb:137:in `start'
  /opt/gitlab/embedded/lib/ruby/gems/2.6.0/gems/unicorn-5.4.1/bin/unicorn:126:in `<top (required)>'
  /opt/gitlab/embedded/bin/unicorn:23:in `load'
  /opt/gitlab/embedded/bin/unicorn:23:in `<top (required)>'
ArgumentError: Already running on PID:375 (or pid=/opt/gitlab/var/unicorn/unicorn.pid is stale)
  /opt/gitlab/embedded/lib/ruby/gems/2.6.0/gems/unicorn-5.4.1/lib/unicorn/http_server.rb:205:in `pid='
  /opt/gitlab/embedded/lib/ruby/gems/2.6.0/gems/unicorn-5.4.1/lib/unicorn/http_server.rb:137:in `start'
  /opt/gitlab/embedded/lib/ruby/gems/2.6.0/gems/unicorn-5.4.1/bin/unicorn:126:in `<top (required)>'
  /opt/gitlab/embedded/bin/unicorn:23:in `load'
  /opt/gitlab/embedded/bin/unicorn:23:in `<top (required)>'
ArgumentError: Already running on PID:375 (or pid=/opt/gitlab/var/unicorn/unicorn.pid is stale)
  /opt/gitlab/embedded/lib/ruby/gems/2.6.0/gems/unicorn-5.4.1/lib/unicorn/http_server.rb:205:in `pid='
  /opt/gitlab/embedded/lib/ruby/gems/2.6.0/gems/unicorn-5.4.1/lib/unicorn/http_server.rb:137:in `start'
  /opt/gitlab/embedded/lib/ruby/gems/2.6.0/gems/unicorn-5.4.1/bin/unicorn:126:in `<top (required)>'
  /opt/gitlab/embedded/bin/unicorn:23:in `load'
  /opt/gitlab/embedded/bin/unicorn:23:in `<top (required)>'
ArgumentError: Already running on PID:375 (or pid=/opt/gitlab/var/unicorn/unicorn.pid is stale)
  /opt/gitlab/embedded/lib/ruby/gems/2.6.0/gems/unicorn-5.4.1/lib/unicorn/http_server.rb:205:in `pid='
  /opt/gitlab/embedded/lib/ruby/gems/2.6.0/gems/unicorn-5.4.1/lib/unicorn/http_server.rb:137:in `start'
  /opt/gitlab/embedded/lib/ruby/gems/2.6.0/gems/unicorn-5.4.1/bin/unicorn:126:in `<top (required)>'
  /opt/gitlab/embedded/bin/unicorn:23:in `load'
  /opt/gitlab/embedded/bin/unicorn:23:in `<top (required)>'
ArgumentError: Already running on PID:375 (or pid=/opt/gitlab/var/unicorn/unicorn.pid is stale)
  /opt/gitlab/embedded/lib/ruby/gems/2.6.0/gems/unicorn-5.4.1/lib/unicorn/http_server.rb:205:in `pid='
  /opt/gitlab/embedded/lib/ruby/gems/2.6.0/gems/unicorn-5.4.1/lib/unicorn/http_server.rb:137:in `start'
  /opt/gitlab/embedded/lib/ruby/gems/2.6.0/gems/unicorn-5.4.1/bin/unicorn:126:in `<top (required)>'
  /opt/gitlab/embedded/bin/unicorn:23:in `load'
  /opt/gitlab/embedded/bin/unicorn:23:in `<top (required)>'
ArgumentError: Already running on PID:375 (or pid=/opt/gitlab/var/unicorn/unicorn.pid is stale)
  /opt/gitlab/embedded/lib/ruby/gems/2.6.0/gems/unicorn-5.4.1/lib/unicorn/http_server.rb:205:in `pid='
  /opt/gitlab/embedded/lib/ruby/gems/2.6.0/gems/unicorn-5.4.1/lib/unicorn/http_server.rb:137:in `start'
  /opt/gitlab/embedded/lib/ruby/gems/2.6.0/gems/unicorn-5.4.1/bin/unicorn:126:in `<top (required)>'
  /opt/gitlab/embedded/bin/unicorn:23:in `load'
  /opt/gitlab/embedded/bin/unicorn:23:in `<top (required)>'
ArgumentError: Already running on PID:375 (or pid=/opt/gitlab/var/unicorn/unicorn.pid is stale)
  /opt/gitlab/embedded/lib/ruby/gems/2.6.0/gems/unicorn-5.4.1/lib/unicorn/http_server.rb:205:in `pid='
  /opt/gitlab/embedded/lib/ruby/gems/2.6.0/gems/unicorn-5.4.1/lib/unicorn/http_server.rb:137:in `start'
  /opt/gitlab/embedded/lib/ruby/gems/2.6.0/gems/unicorn-5.4.1/bin/unicorn:126:in `<top (required)>'
  /opt/gitlab/embedded/bin/unicorn:23:in `load'
  /opt/gitlab/embedded/bin/unicorn:23:in `<top (required)>'
ArgumentError: Already running on PID:375 (or pid=/opt/gitlab/var/unicorn/unicorn.pid is stale)
  /opt/gitlab/embedded/lib/ruby/gems/2.6.0/gems/unicorn-5.4.1/lib/unicorn/http_server.rb:205:in `pid='
  /opt/gitlab/embedded/lib/ruby/gems/2.6.0/gems/unicorn-5.4.1/lib/unicorn/http_server.rb:137:in `start'
  /opt/gitlab/embedded/lib/ruby/gems/2.6.0/gems/unicorn-5.4.1/bin/unicorn:126:in `<top (required)>'
  /opt/gitlab/embedded/bin/unicorn:23:in `load'
  /opt/gitlab/embedded/bin/unicorn:23:in `<top (required)>'
ArgumentError: Already running on PID:375 (or pid=/opt/gitlab/var/unicorn/unicorn.pid is stale)
  /opt/gitlab/embedded/lib/ruby/gems/2.6.0/gems/unicorn-5.4.1/lib/unicorn/http_server.rb:205:in `pid='
  /opt/gitlab/embedded/lib/ruby/gems/2.6.0/gems/unicorn-5.4.1/lib/unicorn/http_server.rb:137:in `start'
  /opt/gitlab/embedded/lib/ruby/gems/2.6.0/gems/unicorn-5.4.1/bin/unicorn:126:in `<top (required)>'
  /opt/gitlab/embedded/bin/unicorn:23:in `load'
  /opt/gitlab/embedded/bin/unicorn:23:in `<top (required)>'
ArgumentError: Already running on PID:375 (or pid=/opt/gitlab/var/unicorn/unicorn.pid is stale)
  /opt/gitlab/embedded/lib/ruby/gems/2.6.0/gems/unicorn-5.4.1/lib/unicorn/http_server.rb:205:in `pid='
  /opt/gitlab/embedded/lib/ruby/gems/2.6.0/gems/unicorn-5.4.1/lib/unicorn/http_server.rb:137:in `start'
  /opt/gitlab/embedded/lib/ruby/gems/2.6.0/gems/unicorn-5.4.1/bin/unicorn:126:in `<top (required)>'
  /opt/gitlab/embedded/bin/unicorn:23:in `load'
  /opt/gitlab/embedded/bin/unicorn:23:in `<top (required)>'
ArgumentError: Already running on PID:375 (or pid=/opt/gitlab/var/unicorn/unicorn.pid is stale)
  /opt/gitlab/embedded/lib/ruby/gems/2.6.0/gems/unicorn-5.4.1/lib/unicorn/http_server.rb:205:in `pid='
  /opt/gitlab/embedded/lib/ruby/gems/2.6.0/gems/unicorn-5.4.1/lib/unicorn/http_server.rb:137:in `start'
  /opt/gitlab/embedded/lib/ruby/gems/2.6.0/gems/unicorn-5.4.1/bin/unicorn:126:in `<top (required)>'
  /opt/gitlab/embedded/bin/unicorn:23:in `load'
  /opt/gitlab/embedded/bin/unicorn:23:in `<top (required)>'
ArgumentError: Already running on PID:375 (or pid=/opt/gitlab/var/unicorn/unicorn.pid is stale)
  /opt/gitlab/embedded/lib/ruby/gems/2.6.0/gems/unicorn-5.4.1/lib/unicorn/http_server.rb:205:in `pid='
  /opt/gitlab/embedded/lib/ruby/gems/2.6.0/gems/unicorn-5.4.1/lib/unicorn/http_server.rb:137:in `start'
  /opt/gitlab/embedded/lib/ruby/gems/2.6.0/gems/unicorn-5.4.1/bin/unicorn:126:in `<top (required)>'
  /opt/gitlab/embedded/bin/unicorn:23:in `load'
  /opt/gitlab/embedded/bin/unicorn:23:in `<top (required)>'
ArgumentError: Already running on PID:375 (or pid=/opt/gitlab/var/unicorn/unicorn.pid is stale)
  /opt/gitlab/embedded/lib/ruby/gems/2.6.0/gems/unicorn-5.4.1/lib/unicorn/http_server.rb:205:in `pid='
  /opt/gitlab/embedded/lib/ruby/gems/2.6.0/gems/unicorn-5.4.1/lib/unicorn/http_server.rb:137:in `start'
  /opt/gitlab/embedded/lib/ruby/gems/2.6.0/gems/unicorn-5.4.1/bin/unicorn:126:in `<top (required)>'
  /opt/gitlab/embedded/bin/unicorn:23:in `load'
  /opt/gitlab/embedded/bin/unicorn:23:in `<top (required)>'
ArgumentError: Already running on PID:375 (or pid=/opt/gitlab/var/unicorn/unicorn.pid is stale)
  /opt/gitlab/embedded/lib/ruby/gems/2.6.0/gems/unicorn-5.4.1/lib/unicorn/http_server.rb:205:in `pid='
  /opt/gitlab/embedded/lib/ruby/gems/2.6.0/gems/unicorn-5.4.1/lib/unicorn/http_server.rb:137:in `start'
  /opt/gitlab/embedded/lib/ruby/gems/2.6.0/gems/unicorn-5.4.1/bin/unicorn:126:in `<top (required)>'
  /opt/gitlab/embedded/bin/unicorn:23:in `load'
  /opt/gitlab/embedded/bin/unicorn:23:in `<top (required)>'
ArgumentError: Already running on PID:375 (or pid=/opt/gitlab/var/unicorn/unicorn.pid is stale)
  /opt/gitlab/embedded/lib/ruby/gems/2.6.0/gems/unicorn-5.4.1/lib/unicorn/http_server.rb:205:in `pid='
  /opt/gitlab/embedded/lib/ruby/gems/2.6.0/gems/unicorn-5.4.1/lib/unicorn/http_server.rb:137:in `start'
  /opt/gitlab/embedded/lib/ruby/gems/2.6.0/gems/unicorn-5.4.1/bin/unicorn:126:in `<top (required)>'
  /opt/gitlab/embedded/bin/unicorn:23:in `load'
  /opt/gitlab/embedded/bin/unicorn:23:in `<top (required)>'
ArgumentError: Already running on PID:375 (or pid=/opt/gitlab/var/unicorn/unicorn.pid is stale)
  /opt/gitlab/embedded/lib/ruby/gems/2.6.0/gems/unicorn-5.4.1/lib/unicorn/http_server.rb:205:in `pid='
  /opt/gitlab/embedded/lib/ruby/gems/2.6.0/gems/unicorn-5.4.1/lib/unicorn/http_server.rb:137:in `start'
  /opt/gitlab/embedded/lib/ruby/gems/2.6.0/gems/unicorn-5.4.1/bin/unicorn:126:in `<top (required)>'
  /opt/gitlab/embedded/bin/unicorn:23:in `load'
  /opt/gitlab/embedded/bin/unicorn:23:in `<top (required)>'
ArgumentError: Already running on PID:375 (or pid=/opt/gitlab/var/unicorn/unicorn.pid is stale)
  /opt/gitlab/embedded/lib/ruby/gems/2.6.0/gems/unicorn-5.4.1/lib/unicorn/http_server.rb:205:in `pid='
  /opt/gitlab/embedded/lib/ruby/gems/2.6.0/gems/unicorn-5.4.1/lib/unicorn/http_server.rb:137:in `start'
  /opt/gitlab/embedded/lib/ruby/gems/2.6.0/gems/unicorn-5.4.1/bin/unicorn:126:in `<top (required)>'
  /opt/gitlab/embedded/bin/unicorn:23:in `load'
  /opt/gitlab/embedded/bin/unicorn:23:in `<top (required)>'
ArgumentError: Already running on PID:375 (or pid=/opt/gitlab/var/unicorn/unicorn.pid is stale)
  /opt/gitlab/embedded/lib/ruby/gems/2.6.0/gems/unicorn-5.4.1/lib/unicorn/http_server.rb:205:in `pid='
  /opt/gitlab/embedded/lib/ruby/gems/2.6.0/gems/unicorn-5.4.1/lib/unicorn/http_server.rb:137:in `start'
  /opt/gitlab/embedded/lib/ruby/gems/2.6.0/gems/unicorn-5.4.1/bin/unicorn:126:in `<top (required)>'
  /opt/gitlab/embedded/bin/unicorn:23:in `load'
  /opt/gitlab/embedded/bin/unicorn:23:in `<top (required)>'
ArgumentError: Already running on PID:375 (or pid=/opt/gitlab/var/unicorn/unicorn.pid is stale)
  /opt/gitlab/embedded/lib/ruby/gems/2.6.0/gems/unicorn-5.4.1/lib/unicorn/http_server.rb:205:in `pid='
  /opt/gitlab/embedded/lib/ruby/gems/2.6.0/gems/unicorn-5.4.1/lib/unicorn/http_server.rb:137:in `start'
  /opt/gitlab/embedded/lib/ruby/gems/2.6.0/gems/unicorn-5.4.1/bin/unicorn:126:in `<top (required)>'
  /opt/gitlab/embedded/bin/unicorn:23:in `load'
  /opt/gitlab/embedded/bin/unicorn:23:in `<top (required)>'
ArgumentError: Already running on PID:375 (or pid=/opt/gitlab/var/unicorn/unicorn.pid is stale)
  /opt/gitlab/embedded/lib/ruby/gems/2.6.0/gems/unicorn-5.4.1/lib/unicorn/http_server.rb:205:in `pid='
  /opt/gitlab/embedded/lib/ruby/gems/2.6.0/gems/unicorn-5.4.1/lib/unicorn/http_server.rb:137:in `start'
  /opt/gitlab/embedded/lib/ruby/gems/2.6.0/gems/unicorn-5.4.1/bin/unicorn:126:in `<top (required)>'
  /opt/gitlab/embedded/bin/unicorn:23:in `load'
  /opt/gitlab/embedded/bin/unicorn:23:in `<top (required)>'
ArgumentError: Already running on PID:375 (or pid=/opt/gitlab/var/unicorn/unicorn.pid is stale)
  /opt/gitlab/embedded/lib/ruby/gems/2.6.0/gems/unicorn-5.4.1/lib/unicorn/http_server.rb:205:in `pid='
  /opt/gitlab/embedded/lib/ruby/gems/2.6.0/gems/unicorn-5.4.1/lib/unicorn/http_server.rb:137:in `start'
  /opt/gitlab/embedded/lib/ruby/gems/2.6.0/gems/unicorn-5.4.1/bin/unicorn:126:in `<top (required)>'
  /opt/gitlab/embedded/bin/unicorn:23:in `load'
  /opt/gitlab/embedded/bin/unicorn:23:in `<top (required)>'
ArgumentError: Already running on PID:375 (or pid=/opt/gitlab/var/unicorn/unicorn.pid is stale)
  /opt/gitlab/embedded/lib/ruby/gems/2.6.0/gems/unicorn-5.4.1/lib/unicorn/http_server.rb:205:in `pid='
  /opt/gitlab/embedded/lib/ruby/gems/2.6.0/gems/unicorn-5.4.1/lib/unicorn/http_server.rb:137:in `start'
  /opt/gitlab/embedded/lib/ruby/gems/2.6.0/gems/unicorn-5.4.1/bin/unicorn:126:in `<top (required)>'
  /opt/gitlab/embedded/bin/unicorn:23:in `load'
  /opt/gitlab/embedded/bin/unicorn:23:in `<top (required)>'
ArgumentError: Already running on PID:375 (or pid=/opt/gitlab/var/unicorn/unicorn.pid is stale)
  /opt/gitlab/embedded/lib/ruby/gems/2.6.0/gems/unicorn-5.4.1/lib/unicorn/http_server.rb:205:in `pid='
  /opt/gitlab/embedded/lib/ruby/gems/2.6.0/gems/unicorn-5.4.1/lib/unicorn/http_server.rb:137:in `start'
  /opt/gitlab/embedded/lib/ruby/gems/2.6.0/gems/unicorn-5.4.1/bin/unicorn:126:in `<top (required)>'
  /opt/gitlab/embedded/bin/unicorn:23:in `load'
  /opt/gitlab/embedded/bin/unicorn:23:in `<top (required)>'
ArgumentError: Already running on PID:375 (or pid=/opt/gitlab/var/unicorn/unicorn.pid is stale)
  /opt/gitlab/embedded/lib/ruby/gems/2.6.0/gems/unicorn-5.4.1/lib/unicorn/http_server.rb:205:in `pid='
  /opt/gitlab/embedded/lib/ruby/gems/2.6.0/gems/unicorn-5.4.1/lib/unicorn/http_server.rb:137:in `start'
  /opt/gitlab/embedded/lib/ruby/gems/2.6.0/gems/unicorn-5.4.1/bin/unicorn:126:in `<top (required)>'
  /opt/gitlab/embedded/bin/unicorn:23:in `load'
  /opt/gitlab/embedded/bin/unicorn:23:in `<top (required)>'
ArgumentError: Already running on PID:375 (or pid=/opt/gitlab/var/unicorn/unicorn.pid is stale)
  /opt/gitlab/embedded/lib/ruby/gems/2.6.0/gems/unicorn-5.4.1/lib/unicorn/http_server.rb:205:in `pid='
  /opt/gitlab/embedded/lib/ruby/gems/2.6.0/gems/unicorn-5.4.1/lib/unicorn/http_server.rb:137:in `start'
  /opt/gitlab/embedded/lib/ruby/gems/2.6.0/gems/unicorn-5.4.1/bin/unicorn:126:in `<top (required)>'
  /opt/gitlab/embedded/bin/unicorn:23:in `load'
  /opt/gitlab/embedded/bin/unicorn:23:in `<top (required)>'
ArgumentError: Already running on PID:375 (or pid=/opt/gitlab/var/unicorn/unicorn.pid is stale)
  /opt/gitlab/embedded/lib/ruby/gems/2.6.0/gems/unicorn-5.4.1/lib/unicorn/http_server.rb:205:in `pid='
  /opt/gitlab/embedded/lib/ruby/gems/2.6.0/gems/unicorn-5.4.1/lib/unicorn/http_server.rb:137:in `start'
  /opt/gitlab/embedded/lib/ruby/gems/2.6.0/gems/unicorn-5.4.1/bin/unicorn:126:in `<top (required)>'
  /opt/gitlab/embedded/bin/unicorn:23:in `load'
  /opt/gitlab/embedded/bin/unicorn:23:in `<top (required)>'
ArgumentError: Already running on PID:375 (or pid=/opt/gitlab/var/unicorn/unicorn.pid is stale)
  /opt/gitlab/embedded/lib/ruby/gems/2.6.0/gems/unicorn-5.4.1/lib/unicorn/http_server.rb:205:in `pid='
  /opt/gitlab/embedded/lib/ruby/gems/2.6.0/gems/unicorn-5.4.1/lib/unicorn/http_server.rb:137:in `start'
  /opt/gitlab/embedded/lib/ruby/gems/2.6.0/gems/unicorn-5.4.1/bin/unicorn:126:in `<top (required)>'
  /opt/gitlab/embedded/bin/unicorn:23:in `load'
  /opt/gitlab/embedded/bin/unicorn:23:in `<top (required)>'
ArgumentError: Already running on PID:375 (or pid=/opt/gitlab/var/unicorn/unicorn.pid is stale)
  /opt/gitlab/embedded/lib/ruby/gems/2.6.0/gems/unicorn-5.4.1/lib/unicorn/http_server.rb:205:in `pid='
  /opt/gitlab/embedded/lib/ruby/gems/2.6.0/gems/unicorn-5.4.1/lib/unicorn/http_server.rb:137:in `start'
  /opt/gitlab/embedded/lib/ruby/gems/2.6.0/gems/unicorn-5.4.1/bin/unicorn:126:in `<top (required)>'
  /opt/gitlab/embedded/bin/unicorn:23:in `load'
  /opt/gitlab/embedded/bin/unicorn:23:in `<top (required)>'
ArgumentError: Already running on PID:375 (or pid=/opt/gitlab/var/unicorn/unicorn.pid is stale)
  /opt/gitlab/embedded/lib/ruby/gems/2.6.0/gems/unicorn-5.4.1/lib/unicorn/http_server.rb:205:in `pid='
  /opt/gitlab/embedded/lib/ruby/gems/2.6.0/gems/unicorn-5.4.1/lib/unicorn/http_server.rb:137:in `start'
  /opt/gitlab/embedded/lib/ruby/gems/2.6.0/gems/unicorn-5.4.1/bin/unicorn:126:in `<top (required)>'
  /opt/gitlab/embedded/bin/unicorn:23:in `load'
  /opt/gitlab/embedded/bin/unicorn:23:in `<top (required)>'
ArgumentError: Already running on PID:375 (or pid=/opt/gitlab/var/unicorn/unicorn.pid is stale)
  /opt/gitlab/embedded/lib/ruby/gems/2.6.0/gems/unicorn-5.4.1/lib/unicorn/http_server.rb:205:in `pid='
  /opt/gitlab/embedded/lib/ruby/gems/2.6.0/gems/unicorn-5.4.1/lib/unicorn/http_server.rb:137:in `start'
  /opt/gitlab/embedded/lib/ruby/gems/2.6.0/gems/unicorn-5.4.1/bin/unicorn:126:in `<top (required)>'
  /opt/gitlab/embedded/bin/unicorn:23:in `load'
  /opt/gitlab/embedded/bin/unicorn:23:in `<top (required)>'
ArgumentError: Already running on PID:375 (or pid=/opt/gitlab/var/unicorn/unicorn.pid is stale)
  /opt/gitlab/embedded/lib/ruby/gems/2.6.0/gems/unicorn-5.4.1/lib/unicorn/http_server.rb:205:in `pid='
  /opt/gitlab/embedded/lib/ruby/gems/2.6.0/gems/unicorn-5.4.1/lib/unicorn/http_server.rb:137:in `start'
  /opt/gitlab/embedded/lib/ruby/gems/2.6.0/gems/unicorn-5.4.1/bin/unicorn:126:in `<top (required)>'
  /opt/gitlab/embedded/bin/unicorn:23:in `load'
  /opt/gitlab/embedded/bin/unicorn:23:in `<top (required)>'
ArgumentError: Already running on PID:375 (or pid=/opt/gitlab/var/unicorn/unicorn.pid is stale)
  /opt/gitlab/embedded/lib/ruby/gems/2.6.0/gems/unicorn-5.4.1/lib/unicorn/http_server.rb:205:in `pid='
  /opt/gitlab/embedded/lib/ruby/gems/2.6.0/gems/unicorn-5.4.1/lib/unicorn/http_server.rb:137:in `start'
  /opt/gitlab/embedded/lib/ruby/gems/2.6.0/gems/unicorn-5.4.1/bin/unicorn:126:in `<top (required)>'
  /opt/gitlab/embedded/bin/unicorn:23:in `load'
  /opt/gitlab/embedded/bin/unicorn:23:in `<top (required)>'
ArgumentError: Already running on PID:375 (or pid=/opt/gitlab/var/unicorn/unicorn.pid is stale)
  /opt/gitlab/embedded/lib/ruby/gems/2.6.0/gems/unicorn-5.4.1/lib/unicorn/http_server.rb:205:in `pid='
  /opt/gitlab/embedded/lib/ruby/gems/2.6.0/gems/unicorn-5.4.1/lib/unicorn/http_server.rb:137:in `start'
  /opt/gitlab/embedded/lib/ruby/gems/2.6.0/gems/unicorn-5.4.1/bin/unicorn:126:in `<top (required)>'
  /opt/gitlab/embedded/bin/unicorn:23:in `load'
  /opt/gitlab/embedded/bin/unicorn:23:in `<top (required)>'
ArgumentError: Already running on PID:375 (or pid=/opt/gitlab/var/unicorn/unicorn.pid is stale)
  /opt/gitlab/embedded/lib/ruby/gems/2.6.0/gems/unicorn-5.4.1/lib/unicorn/http_server.rb:205:in `pid='
  /opt/gitlab/embedded/lib/ruby/gems/2.6.0/gems/unicorn-5.4.1/lib/unicorn/http_server.rb:137:in `start'
  /opt/gitlab/embedded/lib/ruby/gems/2.6.0/gems/unicorn-5.4.1/bin/unicorn:126:in `<top (required)>'
  /opt/gitlab/embedded/bin/unicorn:23:in `load'
  /opt/gitlab/embedded/bin/unicorn:23:in `<top (required)>'
ArgumentError: Already running on PID:375 (or pid=/opt/gitlab/var/unicorn/unicorn.pid is stale)
  /opt/gitlab/embedded/lib/ruby/gems/2.6.0/gems/unicorn-5.4.1/lib/unicorn/http_server.rb:205:in `pid='
  /opt/gitlab/embedded/lib/ruby/gems/2.6.0/gems/unicorn-5.4.1/lib/unicorn/http_server.rb:137:in `start'
  /opt/gitlab/embedded/lib/ruby/gems/2.6.0/gems/unicorn-5.4.1/bin/unicorn:126:in `<top (required)>'
  /opt/gitlab/embedded/bin/unicorn:23:in `load'
  /opt/gitlab/embedded/bin/unicorn:23:in `<top (required)>'
ArgumentError: Already running on PID:375 (or pid=/opt/gitlab/var/unicorn/unicorn.pid is stale)
  /opt/gitlab/embedded/lib/ruby/gems/2.6.0/gems/unicorn-5.4.1/lib/unicorn/http_server.rb:205:in `pid='
  /opt/gitlab/embedded/lib/ruby/gems/2.6.0/gems/unicorn-5.4.1/lib/unicorn/http_server.rb:137:in `start'
  /opt/gitlab/embedded/lib/ruby/gems/2.6.0/gems/unicorn-5.4.1/bin/unicorn:126:in `<top (required)>'
  /opt/gitlab/embedded/bin/unicorn:23:in `load'
  /opt/gitlab/embedded/bin/unicorn:23:in `<top (required)>'
ArgumentError: Already running on PID:375 (or pid=/opt/gitlab/var/unicorn/unicorn.pid is stale)
  /opt/gitlab/embedded/lib/ruby/gems/2.6.0/gems/unicorn-5.4.1/lib/unicorn/http_server.rb:205:in `pid='
  /opt/gitlab/embedded/lib/ruby/gems/2.6.0/gems/unicorn-5.4.1/lib/unicorn/http_server.rb:137:in `start'
  /opt/gitlab/embedded/lib/ruby/gems/2.6.0/gems/unicorn-5.4.1/bin/unicorn:126:in `<top (required)>'
  /opt/gitlab/embedded/bin/unicorn:23:in `load'
  /opt/gitlab/embedded/bin/unicorn:23:in `<top (required)>'
ArgumentError: Already running on PID:375 (or pid=/opt/gitlab/var/unicorn/unicorn.pid is stale)
  /opt/gitlab/embedded/lib/ruby/gems/2.6.0/gems/unicorn-5.4.1/lib/unicorn/http_server.rb:205:in `pid='
  /opt/gitlab/embedded/lib/ruby/gems/2.6.0/gems/unicorn-5.4.1/lib/unicorn/http_server.rb:137:in `start'
  /opt/gitlab/embedded/lib/ruby/gems/2.6.0/gems/unicorn-5.4.1/bin/unicorn:126:in `<top (required)>'
  /opt/gitlab/embedded/bin/unicorn:23:in `load'
  /opt/gitlab/embedded/bin/unicorn:23:in `<top (required)>'
ArgumentError: Already running on PID:375 (or pid=/opt/gitlab/var/unicorn/unicorn.pid is stale)
  /opt/gitlab/embedded/lib/ruby/gems/2.6.0/gems/unicorn-5.4.1/lib/unicorn/http_server.rb:205:in `pid='
  /opt/gitlab/embedded/lib/ruby/gems/2.6.0/gems/unicorn-5.4.1/lib/unicorn/http_server.rb:137:in `start'
  /opt/gitlab/embedded/lib/ruby/gems/2.6.0/gems/unicorn-5.4.1/bin/unicorn:126:in `<top (required)>'
  /opt/gitlab/embedded/bin/unicorn:23:in `load'
  /opt/gitlab/embedded/bin/unicorn:23:in `<top (required)>'
ArgumentError: Already running on PID:375 (or pid=/opt/gitlab/var/unicorn/unicorn.pid is stale)
  /opt/gitlab/embedded/lib/ruby/gems/2.6.0/gems/unicorn-5.4.1/lib/unicorn/http_server.rb:205:in `pid='
  /opt/gitlab/embedded/lib/ruby/gems/2.6.0/gems/unicorn-5.4.1/lib/unicorn/http_server.rb:137:in `start'
  /opt/gitlab/embedded/lib/ruby/gems/2.6.0/gems/unicorn-5.4.1/bin/unicorn:126:in `<top (required)>'
  /opt/gitlab/embedded/bin/unicorn:23:in `load'
  /opt/gitlab/embedded/bin/unicorn:23:in `<top (required)>'
ArgumentError: Already running on PID:375 (or pid=/opt/gitlab/var/unicorn/unicorn.pid is stale)
  /opt/gitlab/embedded/lib/ruby/gems/2.6.0/gems/unicorn-5.4.1/lib/unicorn/http_server.rb:205:in `pid='
  /opt/gitlab/embedded/lib/ruby/gems/2.6.0/gems/unicorn-5.4.1/lib/unicorn/http_server.rb:137:in `start'
  /opt/gitlab/embedded/lib/ruby/gems/2.6.0/gems/unicorn-5.4.1/bin/unicorn:126:in `<top (required)>'
  /opt/gitlab/embedded/bin/unicorn:23:in `load'
  /opt/gitlab/embedded/bin/unicorn:23:in `<top (required)>'
ArgumentError: Already running on PID:375 (or pid=/opt/gitlab/var/unicorn/unicorn.pid is stale)
  /opt/gitlab/embedded/lib/ruby/gems/2.6.0/gems/unicorn-5.4.1/lib/unicorn/http_server.rb:205:in `pid='
  /opt/gitlab/embedded/lib/ruby/gems/2.6.0/gems/unicorn-5.4.1/lib/unicorn/http_server.rb:137:in `start'
  /opt/gitlab/embedded/lib/ruby/gems/2.6.0/gems/unicorn-5.4.1/bin/unicorn:126:in `<top (required)>'
  /opt/gitlab/embedded/bin/unicorn:23:in `load'
  /opt/gitlab/embedded/bin/unicorn:23:in `<top (required)>'
ArgumentError: Already running on PID:375 (or pid=/opt/gitlab/var/unicorn/unicorn.pid is stale)
  /opt/gitlab/embedded/lib/ruby/gems/2.6.0/gems/unicorn-5.4.1/lib/unicorn/http_server.rb:205:in `pid='
  /opt/gitlab/embedded/lib/ruby/gems/2.6.0/gems/unicorn-5.4.1/lib/unicorn/http_server.rb:137:in `start'
  /opt/gitlab/embedded/lib/ruby/gems/2.6.0/gems/unicorn-5.4.1/bin/unicorn:126:in `<top (required)>'
  /opt/gitlab/embedded/bin/unicorn:23:in `load'
  /opt/gitlab/embedded/bin/unicorn:23:in `<top (required)>'
ArgumentError: Already running on PID:375 (or pid=/opt/gitlab/var/unicorn/unicorn.pid is stale)
  /opt/gitlab/embedded/lib/ruby/gems/2.6.0/gems/unicorn-5.4.1/lib/unicorn/http_server.rb:205:in `pid='
  /opt/gitlab/embedded/lib/ruby/gems/2.6.0/gems/unicorn-5.4.1/lib/unicorn/http_server.rb:137:in `start'
  /opt/gitlab/embedded/lib/ruby/gems/2.6.0/gems/unicorn-5.4.1/bin/unicorn:126:in `<top (required)>'
  /opt/gitlab/embedded/bin/unicorn:23:in `load'
  /opt/gitlab/embedded/bin/unicorn:23:in `<top (required)>'
ArgumentError: Already running on PID:375 (or pid=/opt/gitlab/var/unicorn/unicorn.pid is stale)
  /opt/gitlab/embedded/lib/ruby/gems/2.6.0/gems/unicorn-5.4.1/lib/unicorn/http_server.rb:205:in `pid='
  /opt/gitlab/embedded/lib/ruby/gems/2.6.0/gems/unicorn-5.4.1/lib/unicorn/http_server.rb:137:in `start'
  /opt/gitlab/embedded/lib/ruby/gems/2.6.0/gems/unicorn-5.4.1/bin/unicorn:126:in `<top (required)>'
  /opt/gitlab/embedded/bin/unicorn:23:in `load'
  /opt/gitlab/embedded/bin/unicorn:23:in `<top (required)>'
ArgumentError: Already running on PID:375 (or pid=/opt/gitlab/var/unicorn/unicorn.pid is stale)
  /opt/gitlab/embedded/lib/ruby/gems/2.6.0/gems/unicorn-5.4.1/lib/unicorn/http_server.rb:205:in `pid='
  /opt/gitlab/embedded/lib/ruby/gems/2.6.0/gems/unicorn-5.4.1/lib/unicorn/http_server.rb:137:in `start'
  /opt/gitlab/embedded/lib/ruby/gems/2.6.0/gems/unicorn-5.4.1/bin/unicorn:126:in `<top (required)>'
  /opt/gitlab/embedded/bin/unicorn:23:in `load'
  /opt/gitlab/embedded/bin/unicorn:23:in `<top (required)>'
ArgumentError: Already running on PID:375 (or pid=/opt/gitlab/var/unicorn/unicorn.pid is stale)
  /opt/gitlab/embedded/lib/ruby/gems/2.6.0/gems/unicorn-5.4.1/lib/unicorn/http_server.rb:205:in `pid='
  /opt/gitlab/embedded/lib/ruby/gems/2.6.0/gems/unicorn-5.4.1/lib/unicorn/http_server.rb:137:in `start'
  /opt/gitlab/embedded/lib/ruby/gems/2.6.0/gems/unicorn-5.4.1/bin/unicorn:126:in `<top (required)>'
  /opt/gitlab/embedded/bin/unicorn:23:in `load'
  /opt/gitlab/embedded/bin/unicorn:23:in `<top (required)>'
ArgumentError: Already running on PID:375 (or pid=/opt/gitlab/var/unicorn/unicorn.pid is stale)
  /opt/gitlab/embedded/lib/ruby/gems/2.6.0/gems/unicorn-5.4.1/lib/unicorn/http_server.rb:205:in `pid='
  /opt/gitlab/embedded/lib/ruby/gems/2.6.0/gems/unicorn-5.4.1/lib/unicorn/http_server.rb:137:in `start'
  /opt/gitlab/embedded/lib/ruby/gems/2.6.0/gems/unicorn-5.4.1/bin/unicorn:126:in `<top (required)>'
  /opt/gitlab/embedded/bin/unicorn:23:in `load'
  /opt/gitlab/embedded/bin/unicorn:23:in `<top (required)>'
ArgumentError: Already running on PID:375 (or pid=/opt/gitlab/var/unicorn/unicorn.pid is stale)
  /opt/gitlab/embedded/lib/ruby/gems/2.6.0/gems/unicorn-5.4.1/lib/unicorn/http_server.rb:205:in `pid='
  /opt/gitlab/embedded/lib/ruby/gems/2.6.0/gems/unicorn-5.4.1/lib/unicorn/http_server.rb:137:in `start'
  /opt/gitlab/embedded/lib/ruby/gems/2.6.0/gems/unicorn-5.4.1/bin/unicorn:126:in `<top (required)>'
  /opt/gitlab/embedded/bin/unicorn:23:in `load'
  /opt/gitlab/embedded/bin/unicorn:23:in `<top (required)>'
ArgumentError: Already running on PID:375 (or pid=/opt/gitlab/var/unicorn/unicorn.pid is stale)
  /opt/gitlab/embedded/lib/ruby/gems/2.6.0/gems/unicorn-5.4.1/lib/unicorn/http_server.rb:205:in `pid='
  /opt/gitlab/embedded/lib/ruby/gems/2.6.0/gems/unicorn-5.4.1/lib/unicorn/http_server.rb:137:in `start'
  /opt/gitlab/embedded/lib/ruby/gems/2.6.0/gems/unicorn-5.4.1/bin/unicorn:126:in `<top (required)>'
  /opt/gitlab/embedded/bin/unicorn:23:in `load'
  /opt/gitlab/embedded/bin/unicorn:23:in `<top (required)>'
ArgumentError: Already running on PID:375 (or pid=/opt/gitlab/var/unicorn/unicorn.pid is stale)
  /opt/gitlab/embedded/lib/ruby/gems/2.6.0/gems/unicorn-5.4.1/lib/unicorn/http_server.rb:205:in `pid='
  /opt/gitlab/embedded/lib/ruby/gems/2.6.0/gems/unicorn-5.4.1/lib/unicorn/http_server.rb:137:in `start'
  /opt/gitlab/embedded/lib/ruby/gems/2.6.0/gems/unicorn-5.4.1/bin/unicorn:126:in `<top (required)>'
  /opt/gitlab/embedded/bin/unicorn:23:in `load'
  /opt/gitlab/embedded/bin/unicorn:23:in `<top (required)>'
ArgumentError: Already running on PID:375 (or pid=/opt/gitlab/var/unicorn/unicorn.pid is stale)
  /opt/gitlab/embedded/lib/ruby/gems/2.6.0/gems/unicorn-5.4.1/lib/unicorn/http_server.rb:205:in `pid='
  /opt/gitlab/embedded/lib/ruby/gems/2.6.0/gems/unicorn-5.4.1/lib/unicorn/http_server.rb:137:in `start'
  /opt/gitlab/embedded/lib/ruby/gems/2.6.0/gems/unicorn-5.4.1/bin/unicorn:126:in `<top (required)>'
  /opt/gitlab/embedded/bin/unicorn:23:in `load'
  /opt/gitlab/embedded/bin/unicorn:23:in `<top (required)>'
ArgumentError: Already running on PID:375 (or pid=/opt/gitlab/var/unicorn/unicorn.pid is stale)
  /opt/gitlab/embedded/lib/ruby/gems/2.6.0/gems/unicorn-5.4.1/lib/unicorn/http_server.rb:205:in `pid='
  /opt/gitlab/embedded/lib/ruby/gems/2.6.0/gems/unicorn-5.4.1/lib/unicorn/http_server.rb:137:in `start'
  /opt/gitlab/embedded/lib/ruby/gems/2.6.0/gems/unicorn-5.4.1/bin/unicorn:126:in `<top (required)>'
  /opt/gitlab/embedded/bin/unicorn:23:in `load'
  /opt/gitlab/embedded/bin/unicorn:23:in `<top (required)>'
ArgumentError: Already running on PID:375 (or pid=/opt/gitlab/var/unicorn/unicorn.pid is stale)
  /opt/gitlab/embedded/lib/ruby/gems/2.6.0/gems/unicorn-5.4.1/lib/unicorn/http_server.rb:205:in `pid='
  /opt/gitlab/embedded/lib/ruby/gems/2.6.0/gems/unicorn-5.4.1/lib/unicorn/http_server.rb:137:in `start'
  /opt/gitlab/embedded/lib/ruby/gems/2.6.0/gems/unicorn-5.4.1/bin/unicorn:126:in `<top (required)>'
  /opt/gitlab/embedded/bin/unicorn:23:in `load'
  /opt/gitlab/embedded/bin/unicorn:23:in `<top (required)>'
ArgumentError: Already running on PID:375 (or pid=/opt/gitlab/var/unicorn/unicorn.pid is stale)
  /opt/gitlab/embedded/lib/ruby/gems/2.6.0/gems/unicorn-5.4.1/lib/unicorn/http_server.rb:205:in `pid='
  /opt/gitlab/embedded/lib/ruby/gems/2.6.0/gems/unicorn-5.4.1/lib/unicorn/http_server.rb:137:in `start'
  /opt/gitlab/embedded/lib/ruby/gems/2.6.0/gems/unicorn-5.4.1/bin/unicorn:126:in `<top (required)>'
  /opt/gitlab/embedded/bin/unicorn:23:in `load'
  /opt/gitlab/embedded/bin/unicorn:23:in `<top (required)>'
ArgumentError: Already running on PID:375 (or pid=/opt/gitlab/var/unicorn/unicorn.pid is stale)
  /opt/gitlab/embedded/lib/ruby/gems/2.6.0/gems/unicorn-5.4.1/lib/unicorn/http_server.rb:205:in `pid='
  /opt/gitlab/embedded/lib/ruby/gems/2.6.0/gems/unicorn-5.4.1/lib/unicorn/http_server.rb:137:in `start'
  /opt/gitlab/embedded/lib/ruby/gems/2.6.0/gems/unicorn-5.4.1/bin/unicorn:126:in `<top (required)>'
  /opt/gitlab/embedded/bin/unicorn:23:in `load'
  /opt/gitlab/embedded/bin/unicorn:23:in `<top (required)>'
ArgumentError: Already running on PID:375 (or pid=/opt/gitlab/var/unicorn/unicorn.pid is stale)
  /opt/gitlab/embedded/lib/ruby/gems/2.6.0/gems/unicorn-5.4.1/lib/unicorn/http_server.rb:205:in `pid='
  /opt/gitlab/embedded/lib/ruby/gems/2.6.0/gems/unicorn-5.4.1/lib/unicorn/http_server.rb:137:in `start'
  /opt/gitlab/embedded/lib/ruby/gems/2.6.0/gems/unicorn-5.4.1/bin/unicorn:126:in `<top (required)>'
  /opt/gitlab/embedded/bin/unicorn:23:in `load'
  /opt/gitlab/embedded/bin/unicorn:23:in `<top (required)>'
ArgumentError: Already running on PID:375 (or pid=/opt/gitlab/var/unicorn/unicorn.pid is stale)
  /opt/gitlab/embedded/lib/ruby/gems/2.6.0/gems/unicorn-5.4.1/lib/unicorn/http_server.rb:205:in `pid='
  /opt/gitlab/embedded/lib/ruby/gems/2.6.0/gems/unicorn-5.4.1/lib/unicorn/http_server.rb:137:in `start'
  /opt/gitlab/embedded/lib/ruby/gems/2.6.0/gems/unicorn-5.4.1/bin/unicorn:126:in `<top (required)>'
  /opt/gitlab/embedded/bin/unicorn:23:in `load'
  /opt/gitlab/embedded/bin/unicorn:23:in `<top (required)>'
ArgumentError: Already running on PID:375 (or pid=/opt/gitlab/var/unicorn/unicorn.pid is stale)
  /opt/gitlab/embedded/lib/ruby/gems/2.6.0/gems/unicorn-5.4.1/lib/unicorn/http_server.rb:205:in `pid='
  /opt/gitlab/embedded/lib/ruby/gems/2.6.0/gems/unicorn-5.4.1/lib/unicorn/http_server.rb:137:in `start'
  /opt/gitlab/embedded/lib/ruby/gems/2.6.0/gems/unicorn-5.4.1/bin/unicorn:126:in `<top (required)>'
  /opt/gitlab/embedded/bin/unicorn:23:in `load'
  /opt/gitlab/embedded/bin/unicorn:23:in `<top (required)>'
ArgumentError: Already running on PID:375 (or pid=/opt/gitlab/var/unicorn/unicorn.pid is stale)
  /opt/gitlab/embedded/lib/ruby/gems/2.6.0/gems/unicorn-5.4.1/lib/unicorn/http_server.rb:205:in `pid='
  /opt/gitlab/embedded/lib/ruby/gems/2.6.0/gems/unicorn-5.4.1/lib/unicorn/http_server.rb:137:in `start'
  /opt/gitlab/embedded/lib/ruby/gems/2.6.0/gems/unicorn-5.4.1/bin/unicorn:126:in `<top (required)>'
  /opt/gitlab/embedded/bin/unicorn:23:in `load'
  /opt/gitlab/embedded/bin/unicorn:23:in `<top (required)>'
ArgumentError: Already running on PID:375 (or pid=/opt/gitlab/var/unicorn/unicorn.pid is stale)
  /opt/gitlab/embedded/lib/ruby/gems/2.6.0/gems/unicorn-5.4.1/lib/unicorn/http_server.rb:205:in `pid='
  /opt/gitlab/embedded/lib/ruby/gems/2.6.0/gems/unicorn-5.4.1/lib/unicorn/http_server.rb:137:in `start'
  /opt/gitlab/embedded/lib/ruby/gems/2.6.0/gems/unicorn-5.4.1/bin/unicorn:126:in `<top (required)>'
  /opt/gitlab/embedded/bin/unicorn:23:in `load'
  /opt/gitlab/embedded/bin/unicorn:23:in `<top (required)>'
ArgumentError: Already running on PID:375 (or pid=/opt/gitlab/var/unicorn/unicorn.pid is stale)
  /opt/gitlab/embedded/lib/ruby/gems/2.6.0/gems/unicorn-5.4.1/lib/unicorn/http_server.rb:205:in `pid='
  /opt/gitlab/embedded/lib/ruby/gems/2.6.0/gems/unicorn-5.4.1/lib/unicorn/http_server.rb:137:in `start'
  /opt/gitlab/embedded/lib/ruby/gems/2.6.0/gems/unicorn-5.4.1/bin/unicorn:126:in `<top (required)>'
  /opt/gitlab/embedded/bin/unicorn:23:in `load'
  /opt/gitlab/embedded/bin/unicorn:23:in `<top (required)>'
ArgumentError: Already running on PID:375 (or pid=/opt/gitlab/var/unicorn/unicorn.pid is stale)
  /opt/gitlab/embedded/lib/ruby/gems/2.6.0/gems/unicorn-5.4.1/lib/unicorn/http_server.rb:205:in `pid='
  /opt/gitlab/embedded/lib/ruby/gems/2.6.0/gems/unicorn-5.4.1/lib/unicorn/http_server.rb:137:in `start'
  /opt/gitlab/embedded/lib/ruby/gems/2.6.0/gems/unicorn-5.4.1/bin/unicorn:126:in `<top (required)>'
  /opt/gitlab/embedded/bin/unicorn:23:in `load'
  /opt/gitlab/embedded/bin/unicorn:23:in `<top (required)>'
ArgumentError: Already running on PID:375 (or pid=/opt/gitlab/var/unicorn/unicorn.pid is stale)
  /opt/gitlab/embedded/lib/ruby/gems/2.6.0/gems/unicorn-5.4.1/lib/unicorn/http_server.rb:205:in `pid='
  /opt/gitlab/embedded/lib/ruby/gems/2.6.0/gems/unicorn-5.4.1/lib/unicorn/http_server.rb:137:in `start'
  /opt/gitlab/embedded/lib/ruby/gems/2.6.0/gems/unicorn-5.4.1/bin/unicorn:126:in `<top (required)>'
  /opt/gitlab/embedded/bin/unicorn:23:in `load'
  /opt/gitlab/embedded/bin/unicorn:23:in `<top (required)>'
I, [2020-02-28T19:44:20.921Z #3855]  INFO -- : Refreshing Gem list
I, [2020-02-28T19:45:29.678Z #482]  INFO -- : Refreshing Gem list
I, [2020-02-28T19:46:16.192Z #482]  INFO -- : listening on addr=127.0.0.1:8080 fd=19
I, [2020-02-28T19:46:16.192Z #482]  INFO -- : unlinking existing socket=/var/opt/gitlab/gitlab-rails/sockets/gitlab.socket
I, [2020-02-28T19:46:16.192Z #482]  INFO -- : listening on addr=/var/opt/gitlab/gitlab-rails/sockets/gitlab.socket fd=20
I, [2020-02-28T19:46:16.399Z #482]  INFO -- : master process ready
I, [2020-02-28T19:46:16.926Z #667]  INFO -- : worker=1 ready
I, [2020-02-28T19:46:16.931Z #668]  INFO -- : worker=2 ready
I, [2020-02-28T19:46:16.937Z #666]  INFO -- : worker=0 ready
I, [2020-02-28T19:53:25.748Z #356]  INFO -- : Refreshing Gem list
I, [2020-02-28T19:54:14.417Z #356]  INFO -- : listening on addr=127.0.0.1:8080 fd=19
I, [2020-02-28T19:54:14.418Z #356]  INFO -- : unlinking existing socket=/var/opt/gitlab/gitlab-rails/sockets/gitlab.socket
I, [2020-02-28T19:54:14.418Z #356]  INFO -- : listening on addr=/var/opt/gitlab/gitlab-rails/sockets/gitlab.socket fd=20
I, [2020-02-28T19:54:14.613Z #356]  INFO -- : master process ready
I, [2020-02-28T19:54:14.838Z #607]  INFO -- : worker=0 ready
I, [2020-02-28T19:54:14.851Z #609]  INFO -- : worker=2 ready
I, [2020-02-28T19:54:14.915Z #608]  INFO -- : worker=1 ready
unknown OID 28: failed to recognize type of 'relfrozenxid'. It will be treated as String.
unknown OID 1034: failed to recognize type of 'relacl'. It will be treated as String.
unknown OID 194: failed to recognize type of 'relpartbound'. It will be treated as String.
unknown OID 28: failed to recognize type of 'relfrozenxid'. It will be treated as String.
unknown OID 1034: failed to recognize type of 'relacl'. It will be treated as String.
unknown OID 194: failed to recognize type of 'relpartbound'. It will be treated as String.
D, [2020-02-28T20:24:48.730Z #356] DEBUG -- : waiting 31.0s after suspend/hibernation
D, [2020-02-28T20:26:41.731Z #356] DEBUG -- : waiting 31.0s after suspend/hibernation
E, [2020-02-28T20:28:29.325Z #356] ERROR -- : worker=2 PID:609 timeout (61s > 60s), killing
E, [2020-02-28T20:28:30.231Z #356] ERROR -- : reaped #<Process::Status: pid 609 SIGKILL (signal 9)> worker=2
I, [2020-02-28T20:28:31.984Z #4140]  INFO -- : worker=2 ready
