# Logfile created on 2020-02-28 19:07:25 +0000 by logger.rb/66358
[2020-02-28T19:07:25+00:00] INFO: Started chef-zero at chefzero://localhost:1 with repository at /opt/gitlab/embedded
  One version per cookbook

[2020-02-28T19:07:25+00:00] INFO: *** Chef 14.14.29 ***
[2020-02-28T19:07:25+00:00] INFO: Platform: x86_64-linux
[2020-02-28T19:07:25+00:00] INFO: Chef-client pid: 25
[2020-02-28T19:07:25+00:00] INFO: The plugin path /etc/chef/ohai/plugins does not exist. Skipping...
[2020-02-28T19:07:27+00:00] WARN: Plugin Network: unable to detect ipaddress
[2020-02-28T19:07:27+00:00] INFO: Setting the run_list to ["recipe[gitlab]"] from CLI options
[2020-02-28T19:07:27+00:00] INFO: Run List is [recipe[gitlab]]
[2020-02-28T19:07:27+00:00] INFO: Run List expands to [gitlab]
[2020-02-28T19:07:27+00:00] INFO: Starting Chef Run for gitlab.example.com
[2020-02-28T19:07:27+00:00] INFO: Running start handlers
[2020-02-28T19:07:27+00:00] INFO: Start handlers complete.
[2020-02-28T19:07:28+00:00] INFO: Loading cookbooks [gitlab@0.0.1, package@0.1.0, postgresql@0.1.0, redis@0.1.0, monitoring@0.1.0, registry@0.1.0, mattermost@0.1.0, consul@0.1.0, gitaly@0.1.0, praefect@0.1.0, letsencrypt@0.1.0, nginx@0.1.0, runit@4.3.0, acme@4.0.0, crond@0.1.0]
[2020-02-28T19:07:31+00:00] INFO: Skipped selecting an init system because it was explicitly disabled
[2020-02-28T19:07:33+00:00] INFO: The plugin path /etc/chef/ohai/plugins does not exist. Skipping...
[2020-02-28T19:07:34+00:00] WARN: only_if block for templatesymlink[Create a gitlab_pages_secret and create a symlink to Rails root] returned a string, did you mean to run a command?
[2020-02-28T19:07:34+00:00] INFO: link[/opt/gitlab/service/redis] created
[2020-02-28T19:07:35+00:00] INFO: link[/opt/gitlab/service/gitaly] created
[2020-02-28T19:07:35+00:00] INFO: link[/opt/gitlab/service/postgresql] created
[2020-02-28T19:07:35+00:00] INFO: file[/opt/gitlab/sv/postgresql/log/supervise/status] owner changed to 996
[2020-02-28T19:07:35+00:00] INFO: file[/opt/gitlab/sv/postgresql/log/supervise/status] group changed to 996
[2020-02-28T19:07:35+00:00] INFO: file[/opt/gitlab/sv/postgresql/log/supervise/status] updated atime and mtime to 2020-02-28 19:07:35 +0000
[2020-02-28T19:07:35+00:00] INFO: bash[set ownership of old migration log files] ran successfully
[2020-02-28T19:07:35+00:00] INFO: runit_service[unicorn] running why-run enable action to support before action
[2020-02-28T19:07:35+00:00] INFO: runit_service[unicorn] sending stop action to service[puma] (before)
[2020-02-28T19:07:35+00:00] INFO: link[/opt/gitlab/service/unicorn] created
[2020-02-28T19:07:35+00:00] INFO: link[/opt/gitlab/service/sidekiq] created
[2020-02-28T19:07:35+00:00] INFO: link[/opt/gitlab/service/gitlab-workhorse] created
[2020-02-28T19:07:35+00:00] INFO: link[/opt/gitlab/service/nginx] created
[2020-02-28T19:07:36+00:00] INFO: link[/opt/gitlab/service/logrotate] created
[2020-02-28T19:07:36+00:00] INFO: link[/opt/gitlab/service/gitlab-exporter] created
[2020-02-28T19:07:36+00:00] INFO: link[/opt/gitlab/service/redis-exporter] created
[2020-02-28T19:07:36+00:00] INFO: link[/opt/gitlab/service/prometheus] created
[2020-02-28T19:07:36+00:00] INFO: link[/opt/gitlab/service/alertmanager] created
[2020-02-28T19:07:36+00:00] INFO: link[/opt/gitlab/service/postgres-exporter] created
[2020-02-28T19:07:36+00:00] WARN: Connecting to GitLab to generate new app_id and app_secret for GitLab Grafana.
[2020-02-28T19:17:58+00:00] INFO: Running queued delayed notifications before re-raising exception
[2020-02-28T19:17:59+00:00] ERROR: Running exception handlers
[2020-02-28T19:17:59+00:00] ERROR: Exception handlers complete
[2020-02-28T19:17:59+00:00] FATAL: Stacktrace dumped to /opt/gitlab/embedded/cookbooks/cache/chef-stacktrace.out
[2020-02-28T19:17:59+00:00] FATAL: Please provide the contents of the stacktrace.out file if you file a bug report
[2020-02-28T19:17:59+00:00] FATAL: Mixlib::ShellOut::CommandTimeout: ruby_block[authorize Grafana with GitLab] (monitoring::grafana line 95) had an error: Mixlib::ShellOut::CommandTimeout: Command timed out after 600s:
Command exceeded allowed execution time, process terminated
---- Begin output of /opt/gitlab/bin/gitlab-rails runner -e production 'app = Doorkeeper::Application.where(redirect_uri: "http://gitlab.example.com/-/grafana/login/gitlab", name: "GitLab Grafana").first_or_create;puts app.uid.concat(" ").concat(app.secret);' ----
STDOUT: 
STDERR: 
---- End output of /opt/gitlab/bin/gitlab-rails runner -e production 'app = Doorkeeper::Application.where(redirect_uri: "http://gitlab.example.com/-/grafana/login/gitlab", name: "GitLab Grafana").first_or_create;puts app.uid.concat(" ").concat(app.secret);' ----
Ran /opt/gitlab/bin/gitlab-rails runner -e production 'app = Doorkeeper::Application.where(redirect_uri: "http://gitlab.example.com/-/grafana/login/gitlab", name: "GitLab Grafana").first_or_create;puts app.uid.concat(" ").concat(app.secret);' returned 
